DEBUG     Checking PHPLS_ALLOW_XDEBUG
DEBUG     The xdebug extension is not loaded

[Info  - 10:07:33 AM] 6451 files total
[Info  - 10:07:33 AM] Indexing project for definitions and static references
Parsing file:///var/www/html/sdcProject/config/app.php
Parsing file:///var/www/html/sdcProject/config/broadcasting.php
Parsing file:///var/www/html/sdcProject/config/session.php
Parsing file:///var/www/html/sdcProject/config/queue.php
Parsing file:///var/www/html/sdcProject/config/database.php
Parsing file:///var/www/html/sdcProject/config/hashing.php
Parsing file:///var/www/html/sdcProject/config/filesystems.php
Parsing file:///var/www/html/sdcProject/config/auth.php
Parsing file:///var/www/html/sdcProject/config/mail.php
Parsing file:///var/www/html/sdcProject/config/services.php
Parsing file:///var/www/html/sdcProject/config/logging.php
Parsing file:///var/www/html/sdcProject/config/cache.php
Parsing file:///var/www/html/sdcProject/config/view.php
Parsing file:///var/www/html/sdcProject/tests/Feature/ExampleTest.php
Parsing file:///var/www/html/sdcProject/tests/CreatesApplication.php
Parsing file:///var/www/html/sdcProject/tests/TestCase.php
Parsing file:///var/www/html/sdcProject/tests/Unit/ExampleTest.php
Parsing file:///var/www/html/sdcProject/storage/framework/views/2dffd3ebf9166ff184a76dc79c2dad7e45c9ac57.php
Parsing file:///var/www/html/sdcProject/storage/framework/views/52b1c9d4ab5e15623a570e444819cbb246029f82.php
Parsing file:///var/www/html/sdcProject/storage/framework/views/e7218a452e0b7660e4d90fb0055db7ff0073b5cf.php
Parsing file:///var/www/html/sdcProject/storage/framework/views/97e22cd3bea2ba32eef49fdb0d801b809d7f2cbe.php
Parsing file:///var/www/html/sdcProject/storage/framework/views/a654b554d3705d41c975eb0c9f5dba8e3953e8bc.php
Parsing file:///var/www/html/sdcProject/storage/framework/views/d8d905eef4d2a1c2f4cca7fc54ad7b6dd67ff135.php
Parsing file:///var/www/html/sdcProject/storage/framework/views/7e9554b82428bedc9f35b8396ca26dcea020b2b3.php
Parsing file:///var/www/html/sdcProject/storage/framework/views/c357e0f093326a709ea54ddaac1e8bc9c92e62d6.php
Parsing file:///var/www/html/sdcProject/storage/framework/views/8febcd0ae09ab37ff8ae7234623f9abae3fef0e1.php
Parsing file:///var/www/html/sdcProject/storage/framework/views/dd801fba45205ef73619ccbd98f76fd509b2bc42.php
Parsing file:///var/www/html/sdcProject/storage/framework/views/d9bd864eb076b74bf7fa7b4a9cb39f462bde970b.php
Parsing file:///var/www/html/sdcProject/storage/framework/views/b3f231fbe06ca0262eb7dcc8e10ce3875d992047.php
Parsing file:///var/www/html/sdcProject/storage/framework/views/8c940dadee7d9f499307ec9863ed86acc15f7efd.php
Parsing file:///var/www/html/sdcProject/storage/framework/views/fef0d7b5e1ae2be9e09a33d85f99aefe018b5800.php
Parsing file:///var/www/html/sdcProject/storage/framework/views/abfa964f9222e4f332c234b46542b41ee7ac9253.php
Parsing file:///var/www/html/sdcProject/storage/framework/views/b35e815c44b6f522bf51a84382c4b5db1067b0c9.php
Parsing file:///var/www/html/sdcProject/storage/framework/views/79cfaba850085359c02a1de4f3d88daabf1b6a81.php
Parsing file:///var/www/html/sdcProject/storage/framework/views/fc783e2460f1ea0c94b4b887706bd9e087dbce04.php
Parsing file:///var/www/html/sdcProject/storage/framework/views/fee0432c796475c4124baa3ae04f03f479c5a3a5.php
Parsing file:///var/www/html/sdcProject/storage/framework/views/04fbf4fb8e8e9bb0ae6d6ccc40018d44e0d4fba2.php
Parsing file:///var/www/html/sdcProject/storage/framework/views/aeaeacb2044b13f704728339d020c997e2f4116b.php
Parsing file:///var/www/html/sdcProject/storage/framework/views/923de647740684fa5fda1dca6b866786f526530b.php
Parsing file:///var/www/html/sdcProject/storage/framework/views/eee41832b164b18aa2459d30ab1abb271c4413e6.php
Parsing file:///var/www/html/sdcProject/database/seeds/DatabaseSeeder.php
Parsing file:///var/www/html/sdcProject/database/factories/UserFactory.php
Parsing file:///var/www/html/sdcProject/database/migrations/2019_08_27_072019_create_projects_table.php
Parsing file:///var/www/html/sdcProject/database/migrations/2019_08_24_053332_create_customers_table.php
Parsing file:///var/www/html/sdcProject/database/migrations/2019_09_05_130157_create_works_table.php
Parsing file:///var/www/html/sdcProject/database/migrations/2019_08_25_132338_create_members_table.php
Parsing file:///var/www/html/sdcProject/routes/channels.php
Parsing file:///var/www/html/sdcProject/routes/web.php
Parsing file:///var/www/html/sdcProject/routes/console.php
Parsing file:///var/www/html/sdcProject/routes/api.php
Parsing file:///var/www/html/sdcProject/public/index.php
Parsing file:///var/www/html/sdcProject/resources/lang/en/validation.php
Parsing file:///var/www/html/sdcProject/resources/lang/en/passwords.php
Parsing file:///var/www/html/sdcProject/resources/lang/en/auth.php
Parsing file:///var/www/html/sdcProject/resources/lang/en/pagination.php
Parsing file:///var/www/html/sdcProject/resources/views/inc/navbar.blade.php
Parsing file:///var/www/html/sdcProject/resources/views/inc/messages.blade.php
Parsing file:///var/www/html/sdcProject/resources/views/welcome.blade.php
Parsing file:///var/www/html/sdcProject/resources/views/member/edit.blade.php
Parsing file:///var/www/html/sdcProject/resources/views/member/show.blade.php
Parsing file:///var/www/html/sdcProject/resources/views/member/create.blade.php
Parsing file:///var/www/html/sdcProject/resources/views/member/index.blade.php
Parsing file:///var/www/html/sdcProject/resources/views/pages/index.blade.php
Parsing file:///var/www/html/sdcProject/resources/views/layouts/app.blade.php
Parsing file:///var/www/html/sdcProject/resources/views/project/edit.blade.php
Parsing file:///var/www/html/sdcProject/resources/views/project/show.blade.php
Parsing file:///var/www/html/sdcProject/resources/views/project/create.blade.php
Parsing file:///var/www/html/sdcProject/resources/views/project/index.blade.php
Parsing file:///var/www/html/sdcProject/resources/views/customer/edit.blade.php
Parsing file:///var/www/html/sdcProject/resources/views/customer/show.blade.php
Parsing file:///var/www/html/sdcProject/resources/views/customer/create.blade.php
Parsing file:///var/www/html/sdcProject/resources/views/customer/index.blade.php
Parsing file:///var/www/html/sdcProject/resources/views/dashboard.blade.php
Parsing file:///var/www/html/sdcProject/resources/views/addMember/edit.blade.php
Parsing file:///var/www/html/sdcProject/resources/views/addMember/create.blade.php
Parsing file:///var/www/html/sdcProject/resources/views/addMember/index.blade.php
Parsing file:///var/www/html/sdcProject/vendor/autoload.php
Parsing file:///var/www/html/sdcProject/vendor/composer/autoload_psr4.php
Parsing file:///var/www/html/sdcProject/vendor/composer/autoload_classmap.php
[Info  - 10:07:34 AM] Ignoring file file:///var/www/html/sdcProject/vendor/composer/autoload_classmap.php because it exceeds size limit of 150000 bytes (451247)
Parsing file:///var/www/html/sdcProject/vendor/composer/autoload_static.php
[Info  - 10:07:34 AM] Ignoring file file:///var/www/html/sdcProject/vendor/composer/autoload_static.php because it exceeds size limit of 150000 bytes (497262)
Parsing file:///var/www/html/sdcProject/vendor/composer/autoload_files.php
Parsing file:///var/www/html/sdcProject/vendor/composer/autoload_real.php
Parsing file:///var/www/html/sdcProject/vendor/composer/ClassLoader.php
Parsing file:///var/www/html/sdcProject/vendor/composer/autoload_namespaces.php
Parsing file:///var/www/html/sdcProject/server.php
Parsing file:///var/www/html/sdcProject/bootstrap/app.php
Parsing file:///var/www/html/sdcProject/bootstrap/cache/packages.php
Parsing file:///var/www/html/sdcProject/bootstrap/cache/services.php
Parsing file:///var/www/html/sdcProject/app/Http/Controllers/Auth/ResetPasswordController.php
Parsing file:///var/www/html/sdcProject/app/Http/Controllers/Auth/LoginController.php
Parsing file:///var/www/html/sdcProject/app/Http/Controllers/Auth/ForgotPasswordController.php
Parsing file:///var/www/html/sdcProject/app/Http/Controllers/Auth/RegisterController.php
Parsing file:///var/www/html/sdcProject/app/Http/Controllers/Auth/VerificationController.php
Parsing file:///var/www/html/sdcProject/app/Http/Controllers/DashboardController.php
Parsing file:///var/www/html/sdcProject/app/Http/Controllers/Controller.php
Parsing file:///var/www/html/sdcProject/app/Http/Controllers/CustomersController.php
Parsing file:///var/www/html/sdcProject/app/Http/Controllers/projectsController.php
Parsing file:///var/www/html/sdcProject/app/Http/Controllers/MembersController.php
Parsing file:///var/www/html/sdcProject/app/Http/Controllers/AddController.php
Parsing file:///var/www/html/sdcProject/app/Http/Controllers/pagesController.php
Parsing file:///var/www/html/sdcProject/app/Http/Kernel.php
Parsing file:///var/www/html/sdcProject/app/Http/Middleware/TrimStrings.php
Parsing file:///var/www/html/sdcProject/app/Http/Middleware/TrustProxies.php
Parsing file:///var/www/html/sdcProject/app/Http/Middleware/EncryptCookies.php
Parsing file:///var/www/html/sdcProject/app/Http/Middleware/RedirectIfAuthenticated.php
Parsing file:///var/www/html/sdcProject/app/Http/Middleware/VerifyCsrfToken.php
Parsing file:///var/www/html/sdcProject/app/Http/Middleware/Authenticate.php
Parsing file:///var/www/html/sdcProject/app/Http/Middleware/CheckForMaintenanceMode.php
Parsing file:///var/www/html/sdcProject/app/Members.php
Parsing file:///var/www/html/sdcProject/app/User.php
Parsing file:///var/www/html/sdcProject/app/Providers/AuthServiceProvider.php
Parsing file:///var/www/html/sdcProject/app/Providers/AppServiceProvider.php
Parsing file:///var/www/html/sdcProject/app/Providers/EventServiceProvider.php
Parsing file:///var/www/html/sdcProject/app/Providers/BroadcastServiceProvider.php
Parsing file:///var/www/html/sdcProject/app/Providers/RouteServiceProvider.php
Parsing file:///var/www/html/sdcProject/app/Project.php
Parsing file:///var/www/html/sdcProject/app/Customer.php
Parsing file:///var/www/html/sdcProject/app/Exceptions/Handler.php
Parsing file:///var/www/html/sdcProject/app/Console/Kernel.php
Parsing file:///var/www/html/sdcProject/app/Work.php
[Info  - 10:07:35 AM] Indexing project for dynamic references
Parsing file:///var/www/html/sdcProject/config/app.php
Parsing file:///var/www/html/sdcProject/config/broadcasting.php
Parsing file:///var/www/html/sdcProject/config/session.php
Parsing file:///var/www/html/sdcProject/config/queue.php
Parsing file:///var/www/html/sdcProject/config/database.php
Parsing file:///var/www/html/sdcProject/config/hashing.php
Parsing file:///var/www/html/sdcProject/config/filesystems.php
Parsing file:///var/www/html/sdcProject/config/auth.php
Parsing file:///var/www/html/sdcProject/config/mail.php
Parsing file:///var/www/html/sdcProject/config/services.php
Parsing file:///var/www/html/sdcProject/config/logging.php
Parsing file:///var/www/html/sdcProject/config/cache.php
Parsing file:///var/www/html/sdcProject/config/view.php
Parsing file:///var/www/html/sdcProject/tests/Feature/ExampleTest.php
Parsing file:///var/www/html/sdcProject/tests/CreatesApplication.php
Parsing file:///var/www/html/sdcProject/tests/TestCase.php
Parsing file:///var/www/html/sdcProject/tests/Unit/ExampleTest.php
Parsing file:///var/www/html/sdcProject/storage/framework/views/2dffd3ebf9166ff184a76dc79c2dad7e45c9ac57.php
Parsing file:///var/www/html/sdcProject/storage/framework/views/52b1c9d4ab5e15623a570e444819cbb246029f82.php
Parsing file:///var/www/html/sdcProject/storage/framework/views/e7218a452e0b7660e4d90fb0055db7ff0073b5cf.php
Parsing file:///var/www/html/sdcProject/storage/framework/views/97e22cd3bea2ba32eef49fdb0d801b809d7f2cbe.php
Parsing file:///var/www/html/sdcProject/storage/framework/views/a654b554d3705d41c975eb0c9f5dba8e3953e8bc.php
Parsing file:///var/www/html/sdcProject/storage/framework/views/d8d905eef4d2a1c2f4cca7fc54ad7b6dd67ff135.php
Parsing file:///var/www/html/sdcProject/storage/framework/views/7e9554b82428bedc9f35b8396ca26dcea020b2b3.php
Parsing file:///var/www/html/sdcProject/storage/framework/views/c357e0f093326a709ea54ddaac1e8bc9c92e62d6.php
Parsing file:///var/www/html/sdcProject/storage/framework/views/8febcd0ae09ab37ff8ae7234623f9abae3fef0e1.php
Parsing file:///var/www/html/sdcProject/storage/framework/views/dd801fba45205ef73619ccbd98f76fd509b2bc42.php
Parsing file:///var/www/html/sdcProject/storage/framework/views/d9bd864eb076b74bf7fa7b4a9cb39f462bde970b.php
Parsing file:///var/www/html/sdcProject/storage/framework/views/b3f231fbe06ca0262eb7dcc8e10ce3875d992047.php
Parsing file:///var/www/html/sdcProject/storage/framework/views/8c940dadee7d9f499307ec9863ed86acc15f7efd.php
Parsing file:///var/www/html/sdcProject/storage/framework/views/fef0d7b5e1ae2be9e09a33d85f99aefe018b5800.php
Parsing file:///var/www/html/sdcProject/storage/framework/views/abfa964f9222e4f332c234b46542b41ee7ac9253.php
Parsing file:///var/www/html/sdcProject/storage/framework/views/b35e815c44b6f522bf51a84382c4b5db1067b0c9.php
Parsing file:///var/www/html/sdcProject/storage/framework/views/79cfaba850085359c02a1de4f3d88daabf1b6a81.php
Parsing file:///var/www/html/sdcProject/storage/framework/views/fc783e2460f1ea0c94b4b887706bd9e087dbce04.php
Parsing file:///var/www/html/sdcProject/storage/framework/views/fee0432c796475c4124baa3ae04f03f479c5a3a5.php
Parsing file:///var/www/html/sdcProject/storage/framework/views/04fbf4fb8e8e9bb0ae6d6ccc40018d44e0d4fba2.php
Parsing file:///var/www/html/sdcProject/storage/framework/views/aeaeacb2044b13f704728339d020c997e2f4116b.php
Parsing file:///var/www/html/sdcProject/storage/framework/views/923de647740684fa5fda1dca6b866786f526530b.php
Parsing file:///var/www/html/sdcProject/storage/framework/views/eee41832b164b18aa2459d30ab1abb271c4413e6.php
Parsing file:///var/www/html/sdcProject/database/seeds/DatabaseSeeder.php
Parsing file:///var/www/html/sdcProject/database/factories/UserFactory.php
Parsing file:///var/www/html/sdcProject/database/migrations/2019_08_27_072019_create_projects_table.php
Parsing file:///var/www/html/sdcProject/database/migrations/2019_08_24_053332_create_customers_table.php
Parsing file:///var/www/html/sdcProject/database/migrations/2019_09_05_130157_create_works_table.php
Parsing file:///var/www/html/sdcProject/database/migrations/2019_08_25_132338_create_members_table.php
Parsing file:///var/www/html/sdcProject/routes/channels.php
Parsing file:///var/www/html/sdcProject/routes/web.php
Parsing file:///var/www/html/sdcProject/routes/console.php
Parsing file:///var/www/html/sdcProject/routes/api.php
Parsing file:///var/www/html/sdcProject/public/index.php
Parsing file:///var/www/html/sdcProject/resources/lang/en/validation.php
Parsing file:///var/www/html/sdcProject/resources/lang/en/passwords.php
Parsing file:///var/www/html/sdcProject/resources/lang/en/auth.php
Parsing file:///var/www/html/sdcProject/resources/lang/en/pagination.php
Parsing file:///var/www/html/sdcProject/resources/views/inc/navbar.blade.php
Parsing file:///var/www/html/sdcProject/resources/views/inc/messages.blade.php
Parsing file:///var/www/html/sdcProject/resources/views/welcome.blade.php
Parsing file:///var/www/html/sdcProject/resources/views/member/edit.blade.php
Parsing file:///var/www/html/sdcProject/resources/views/member/show.blade.php
Parsing file:///var/www/html/sdcProject/resources/views/member/create.blade.php
Parsing file:///var/www/html/sdcProject/resources/views/member/index.blade.php
Parsing file:///var/www/html/sdcProject/resources/views/pages/index.blade.php
Parsing file:///var/www/html/sdcProject/resources/views/layouts/app.blade.php
Parsing file:///var/www/html/sdcProject/resources/views/project/edit.blade.php
Parsing file:///var/www/html/sdcProject/resources/views/project/show.blade.php
Parsing file:///var/www/html/sdcProject/resources/views/project/create.blade.php
Parsing file:///var/www/html/sdcProject/resources/views/project/index.blade.php
Parsing file:///var/www/html/sdcProject/resources/views/customer/edit.blade.php
Parsing file:///var/www/html/sdcProject/resources/views/customer/show.blade.php
Parsing file:///var/www/html/sdcProject/resources/views/customer/create.blade.php
Parsing file:///var/www/html/sdcProject/resources/views/customer/index.blade.php
Parsing file:///var/www/html/sdcProject/resources/views/dashboard.blade.php
Parsing file:///var/www/html/sdcProject/resources/views/addMember/edit.blade.php
Parsing file:///var/www/html/sdcProject/resources/views/addMember/create.blade.php
Parsing file:///var/www/html/sdcProject/resources/views/addMember/index.blade.php
Parsing file:///var/www/html/sdcProject/vendor/autoload.php
Parsing file:///var/www/html/sdcProject/vendor/composer/autoload_psr4.php
Parsing file:///var/www/html/sdcProject/vendor/composer/autoload_classmap.php
[Info  - 10:07:35 AM] Ignoring file file:///var/www/html/sdcProject/vendor/composer/autoload_classmap.php because it exceeds size limit of 150000 bytes (451247)
Parsing file:///var/www/html/sdcProject/vendor/composer/autoload_static.php
[Info  - 10:07:35 AM] Ignoring file file:///var/www/html/sdcProject/vendor/composer/autoload_static.php because it exceeds size limit of 150000 bytes (497262)
Parsing file:///var/www/html/sdcProject/vendor/composer/autoload_files.php
Parsing file:///var/www/html/sdcProject/vendor/composer/autoload_real.php
Parsing file:///var/www/html/sdcProject/vendor/composer/ClassLoader.php
Parsing file:///var/www/html/sdcProject/vendor/composer/autoload_namespaces.php
Parsing file:///var/www/html/sdcProject/server.php
Parsing file:///var/www/html/sdcProject/bootstrap/app.php
Parsing file:///var/www/html/sdcProject/bootstrap/cache/packages.php
Parsing file:///var/www/html/sdcProject/bootstrap/cache/services.php
Parsing file:///var/www/html/sdcProject/app/Http/Controllers/Auth/ResetPasswordController.php
Parsing file:///var/www/html/sdcProject/app/Http/Controllers/Auth/LoginController.php
Parsing file:///var/www/html/sdcProject/app/Http/Controllers/Auth/ForgotPasswordController.php
Parsing file:///var/www/html/sdcProject/app/Http/Controllers/Auth/RegisterController.php
Parsing file:///var/www/html/sdcProject/app/Http/Controllers/Auth/VerificationController.php
Parsing file:///var/www/html/sdcProject/app/Http/Controllers/DashboardController.php
Parsing file:///var/www/html/sdcProject/app/Http/Controllers/Controller.php
Parsing file:///var/www/html/sdcProject/app/Http/Controllers/CustomersController.php
Parsing file:///var/www/html/sdcProject/app/Http/Controllers/projectsController.php
Parsing file:///var/www/html/sdcProject/app/Http/Controllers/MembersController.php
Parsing file:///var/www/html/sdcProject/app/Http/Controllers/AddController.php
Parsing file:///var/www/html/sdcProject/app/Http/Controllers/pagesController.php
Parsing file:///var/www/html/sdcProject/app/Http/Kernel.php
Parsing file:///var/www/html/sdcProject/app/Http/Middleware/TrimStrings.php
Parsing file:///var/www/html/sdcProject/app/Http/Middleware/TrustProxies.php
Parsing file:///var/www/html/sdcProject/app/Http/Middleware/EncryptCookies.php
Parsing file:///var/www/html/sdcProject/app/Http/Middleware/RedirectIfAuthenticated.php
Parsing file:///var/www/html/sdcProject/app/Http/Middleware/VerifyCsrfToken.php
Parsing file:///var/www/html/sdcProject/app/Http/Middleware/Authenticate.php
Parsing file:///var/www/html/sdcProject/app/Http/Middleware/CheckForMaintenanceMode.php
Parsing file:///var/www/html/sdcProject/app/Members.php
Parsing file:///var/www/html/sdcProject/app/User.php
Parsing file:///var/www/html/sdcProject/app/Providers/AuthServiceProvider.php
Parsing file:///var/www/html/sdcProject/app/Providers/AppServiceProvider.php
Parsing file:///var/www/html/sdcProject/app/Providers/EventServiceProvider.php
Parsing file:///var/www/html/sdcProject/app/Providers/BroadcastServiceProvider.php
Parsing file:///var/www/html/sdcProject/app/Providers/RouteServiceProvider.php
Parsing file:///var/www/html/sdcProject/app/Project.php
Parsing file:///var/www/html/sdcProject/app/Customer.php
Parsing file:///var/www/html/sdcProject/app/Exceptions/Handler.php
Parsing file:///var/www/html/sdcProject/app/Console/Kernel.php
Parsing file:///var/www/html/sdcProject/app/Work.php
[Info  - 10:07:35 AM] 80 Packages
[Info  - 10:07:35 AM] Restored phpdocumentor/reflection-common:1.0.1 from cache
[Info  - 10:07:35 AM] Restored phpdocumentor/type-resolver:0.4.0 from cache
[Info  - 10:07:35 AM] Restored phpdocumentor/reflection-docblock:4.3.1 from cache
[Info  - 10:07:35 AM] Restored tijsverkoyen/css-to-inline-styles:2.2.1 from cache
[Info  - 10:07:35 AM] Restored fideloper/proxy:4.2.0 from cache
[Info  - 10:07:35 AM] Restored ramsey/uuid:3.8.0 from cache
[Info  - 10:07:35 AM] Restored vlucas/phpdotenv:3.4.0 from cache
[Info  - 10:07:35 AM] Restored beyondcode/laravel-dump-server:1.3.0 from cache
[Info  - 10:07:35 AM] Restored myclabs/deep-copy:1.9.3 from cache
[Info  - 10:07:35 AM] Restored filp/whoops:2.5.0 from cache
[Info  - 10:07:35 AM] Restored sebastian/comparator:3.0.2 from cache
[Info  - 10:07:35 AM] Restored sebastian/recursion-context:3.0.0 from cache
[Info  - 10:07:35 AM] Restored sebastian/global-state:2.0.0 from cache
[Info  - 10:07:35 AM] Restored sebastian/resource-operations:2.0.1 from cache
[Info  - 10:07:35 AM] Restored sebastian/code-unit-reverse-lookup:1.0.1 from cache
[Info  - 10:07:35 AM] Restored sebastian/object-enumerator:3.0.3 from cache
[Info  - 10:07:35 AM] Restored sebastian/version:2.0.1 from cache
[Info  - 10:07:35 AM] Restored sebastian/environment:4.2.2 from cache
[Info  - 10:07:35 AM] Restored sebastian/diff:3.0.2 from cache
[Info  - 10:07:35 AM] Restored sebastian/object-reflector:1.1.1 from cache
[Info  - 10:07:36 AM] Restored sebastian/exporter:3.1.1 from cache
[Info  - 10:07:36 AM] Restored fzaninotto/faker:1.8.0 from cache
[Info  - 10:07:36 AM] Restored dnoegel/php-xdg-base-dir:0.1 from cache
[Info  - 10:07:36 AM] Restored doctrine/inflector:1.3.0 from cache
[Info  - 10:07:36 AM] Restored doctrine/lexer:1.1.0 from cache
[Info  - 10:07:36 AM] Restored doctrine/instantiator:1.2.0 from cache
[Info  - 10:07:36 AM] Restored theseer/tokenizer:1.1.3 from cache
[Info  - 10:07:36 AM] Restored phpoption/phpoption:1.5.0 from cache
[Info  - 10:07:36 AM] Restored jakub-onderka/php-console-color:0.2 from cache
[Info  - 10:07:36 AM] Restored jakub-onderka/php-console-highlighter:0.4 from cache
[Info  - 10:07:36 AM] Restored paragonie/random_compat:9.99.99 from cache
[Info  - 10:07:36 AM] Restored erusev/parsedown:1.7.3 from cache
[Info  - 10:07:36 AM] Restored dragonmantank/cron-expression:2.3.0 from cache
[Info  - 10:07:36 AM] Restored egulias/email-validator:2.1.11 from cache
[Info  - 10:07:36 AM] Restored swiftmailer/swiftmailer:6.2.1 from cache
[Info  - 10:07:36 AM] Restored league/flysystem:1.0.53 from cache
[Info  - 10:07:36 AM] Restored psr/container:1.0.0 from cache
[Info  - 10:07:36 AM] Restored psr/log:1.1.0 from cache
[Info  - 10:07:36 AM] Restored psr/simple-cache:1.0.1 from cache
[Info  - 10:07:36 AM] Restored hamcrest/hamcrest-php:2.0.0 from cache
[Info  - 10:07:36 AM] Restored opis/closure:3.3.1 from cache
[Info  - 10:07:36 AM] Restored symfony/service-contracts:1.1.5 from cache
[Info  - 10:07:36 AM] Restored symfony/event-dispatcher:4.3.3 from cache
[Info  - 10:07:36 AM] Restored symfony/polyfill-mbstring:1.12.0 from cache
[Info  - 10:07:36 AM] Restored symfony/event-dispatcher-contracts:1.1.5 from cache
[Info  - 10:07:36 AM] Restored symfony/polyfill-iconv:1.12.0 from cache
[Info  - 10:07:37 AM] Restored symfony/finder:4.3.3 from cache
[Info  - 10:07:37 AM] Restored symfony/http-foundation:4.3.3 from cache
[Info  - 10:07:37 AM] Restored symfony/polyfill-php72:1.12.0 from cache
[Info  - 10:07:37 AM] Restored symfony/polyfill-intl-idn:1.12.0 from cache
[Info  - 10:07:37 AM] Restored symfony/http-kernel:4.3.3 from cache
[Info  - 10:07:37 AM] Restored symfony/process:4.3.3 from cache
[Info  - 10:07:37 AM] Restored symfony/css-selector:4.3.3 from cache
[Info  - 10:07:37 AM] Restored symfony/debug:4.3.3 from cache
[Info  - 10:07:37 AM] Restored symfony/polyfill-ctype:1.12.0 from cache
[Info  - 10:07:37 AM] Restored symfony/mime:4.3.3 from cache
[Info  - 10:07:37 AM] Restored symfony/routing:4.3.3 from cache
[Info  - 10:07:37 AM] Restored symfony/var-dumper:4.3.3 from cache
[Info  - 10:07:37 AM] Restored symfony/translation-contracts:1.1.5 from cache
[Info  - 10:07:37 AM] Restored symfony/polyfill-php73:1.12.0 from cache
[Info  - 10:07:37 AM] Restored symfony/translation:4.3.3 from cache
[Info  - 10:07:37 AM] Restored symfony/console:4.3.3 from cache
[Info  - 10:07:38 AM] Restored nunomaduro/collision:3.0.1 from cache
[Info  - 10:07:38 AM] Restored phpunit/php-code-coverage:6.1.4 from cache
[Info  - 10:07:38 AM] Restored phpunit/php-token-stream:3.1.0 from cache
[Info  - 10:07:38 AM] Restored phpunit/php-text-template:1.2.1 from cache
[Info  - 10:07:38 AM] Restored phpunit/phpunit:7.5.14 from cache
[Info  - 10:07:38 AM] Restored phpunit/php-file-iterator:2.0.2 from cache
[Info  - 10:07:38 AM] Restored phpunit/php-timer:2.1.2 from cache
[Info  - 10:07:38 AM] Restored mockery/mockery:1.2.3 from cache
[Info  - 10:07:38 AM] Restored monolog/monolog:1.24.0 from cache
[Info  - 10:07:38 AM] Restored psy/psysh:0.9.9 from cache
[Info  - 10:07:39 AM] Restored webmozart/assert:1.4.0 from cache
[Info  - 10:07:39 AM] Restored nesbot/carbon:2.22.3 from cache
[Info  - 10:07:39 AM] Restored laravel/framework:5.8.32 from cache
[Info  - 10:07:39 AM] Restored laravel/tinker:1.0.10 from cache
[Info  - 10:07:39 AM] Restored phpspec/prophecy:1.8.1 from cache
[Info  - 10:07:39 AM] Restored phar-io/manifest:1.0.3 from cache
[Info  - 10:07:40 AM] Restored phar-io/version:2.0.1 from cache
[Info  - 10:07:40 AM] Restored nikic/php-parser:4.2.3 from cache
[Info  - 10:07:40 AM] All 6451 PHP files parsed in 6 seconds. 424 MiB allocated.
