[Info  - 12:41:01 PM] ESLint server stopped.
[Info  - 12:41:02 PM] ESLint server running in node v10.11.0
[Info  - 12:41:02 PM] ESLint server is running.
[Info  - 12:41:06 PM] 
Failed to load the ESLint library for the document /home/swapnil/Desktop/Server-CC/models/Company.js

To use ESLint please install eslint by running npm install eslint in the workspace folder Server-CC
or globally using 'npm install -g eslint'. You need to reopen the workspace after installing eslint.

If you are using yarn or pnpm instead of npm set the setting `eslint.packageManager` to either `yarn` or `pnpm`
Alternatively you can disable ESLint for the workspace folder Server-CC by executing the 'Disable ESLint' command.
[Info  - 12:41:06 PM] 
Failed to load the ESLint library for the document /home/swapnil/Desktop/Server-CC/controllers/profiles/findProfile/index.js

To use ESLint please install eslint by running npm install eslint in the workspace folder Server-CC
or globally using 'npm install -g eslint'. You need to reopen the workspace after installing eslint.

If you are using yarn or pnpm instead of npm set the setting `eslint.packageManager` to either `yarn` or `pnpm`
Alternatively you can disable ESLint for the workspace folder Server-CC by executing the 'Disable ESLint' command.
[Info  - 12:41:09 PM] 
Failed to load the ESLint library for the document /home/swapnil/Desktop/Server-CC/routes/profile/index.js

To use ESLint please install eslint by running npm install eslint in the workspace folder Server-CC
or globally using 'npm install -g eslint'. You need to reopen the workspace after installing eslint.

If you are using yarn or pnpm instead of npm set the setting `eslint.packageManager` to either `yarn` or `pnpm`
Alternatively you can disable ESLint for the workspace folder Server-CC by executing the 'Disable ESLint' command.
[Info  - 12:41:15 PM] 
Failed to load the ESLint library for the document /home/swapnil/Desktop/Server-CC/routes/payment/index.js

To use ESLint please install eslint by running npm install eslint in the workspace folder Server-CC
or globally using 'npm install -g eslint'. You need to reopen the workspace after installing eslint.

If you are using yarn or pnpm instead of npm set the setting `eslint.packageManager` to either `yarn` or `pnpm`
Alternatively you can disable ESLint for the workspace folder Server-CC by executing the 'Disable ESLint' command.
[Info  - 12:41:21 PM] 
Failed to load the ESLint library for the document /home/swapnil/Desktop/Server-CC/routes/api/index.js

To use ESLint please install eslint by running npm install eslint in the workspace folder Server-CC
or globally using 'npm install -g eslint'. You need to reopen the workspace after installing eslint.

If you are using yarn or pnpm instead of npm set the setting `eslint.packageManager` to either `yarn` or `pnpm`
Alternatively you can disable ESLint for the workspace folder Server-CC by executing the 'Disable ESLint' command.
[Info  - 12:41:37 PM] 
Failed to load the ESLint library for the document /home/swapnil/Desktop/Server-CC/controllers/posts/index.js

To use ESLint please install eslint by running npm install eslint in the workspace folder Server-CC
or globally using 'npm install -g eslint'. You need to reopen the workspace after installing eslint.

If you are using yarn or pnpm instead of npm set the setting `eslint.packageManager` to either `yarn` or `pnpm`
Alternatively you can disable ESLint for the workspace folder Server-CC by executing the 'Disable ESLint' command.
[Info  - 12:43:53 PM] ESLint server stopped.
