[2019-10-20 09:34:39.125] [exthost] [info] extension host started
[2019-10-20 09:34:39.243] [exthost] [info] ExtensionService#_doActivateExtension vscode.php-language-features {"startup":false,"activationEvent":"onLanguage:php"}
[2019-10-20 09:34:39.245] [exthost] [info] ExtensionService#loadCommonJSModule file:///usr/share/code/resources/app/extensions/php-language-features/dist/phpMain
[2019-10-20 09:34:39.370] [exthost] [info] ExtensionService#_doActivateExtension felixfbecker.php-intellisense {"startup":false,"activationEvent":"onLanguage:php"}
[2019-10-20 09:34:39.370] [exthost] [info] ExtensionService#loadCommonJSModule file:///home/swapnil/.vscode/extensions/felixfbecker.php-intellisense-2.3.13/out/extension
[2019-10-20 09:34:40.472] [exthost] [info] ExtensionService#_doActivateExtension vscode.debug-auto-launch {"startup":true,"activationEvent":"*"}
[2019-10-20 09:34:40.472] [exthost] [info] ExtensionService#loadCommonJSModule file:///usr/share/code/resources/app/extensions/debug-auto-launch/dist/extension
[2019-10-20 09:34:40.478] [exthost] [info] ExtensionService#_doActivateExtension vscode.emmet {"startup":true,"activationEvent":"*"}
[2019-10-20 09:34:40.479] [exthost] [info] ExtensionService#loadCommonJSModule file:///usr/share/code/resources/app/extensions/emmet/dist/extension
[2019-10-20 09:34:40.597] [exthost] [info] ExtensionService#_doActivateExtension vscode.git {"startup":true,"activationEvent":"*"}
[2019-10-20 09:34:40.597] [exthost] [info] ExtensionService#loadCommonJSModule file:///usr/share/code/resources/app/extensions/git/dist/main
[2019-10-20 09:34:40.757] [exthost] [info] ExtensionService#_doActivateExtension vscode.merge-conflict {"startup":true,"activationEvent":"*"}
[2019-10-20 09:34:40.757] [exthost] [info] ExtensionService#loadCommonJSModule file:///usr/share/code/resources/app/extensions/merge-conflict/dist/extension
[2019-10-20 09:34:40.766] [exthost] [info] ExtensionService#_doActivateExtension dbaeumer.vscode-eslint {"startup":true,"activationEvent":"*"}
[2019-10-20 09:34:40.766] [exthost] [info] ExtensionService#loadCommonJSModule file:///home/swapnil/.vscode/extensions/dbaeumer.vscode-eslint-1.9.1/client/out/extension
[2019-10-20 09:34:40.864] [exthost] [info] ExtensionService#_doActivateExtension Equinusocio.vsc-material-theme {"startup":true,"activationEvent":"*"}
[2019-10-20 09:34:40.864] [exthost] [info] ExtensionService#loadCommonJSModule file:///home/swapnil/.vscode/extensions/equinusocio.vsc-material-theme-30.0.0/out/src/material.theme.config
[2019-10-20 09:34:40.877] [exthost] [info] ExtensionService#_doActivateExtension esbenp.prettier-vscode {"startup":true,"activationEvent":"*"}
[2019-10-20 09:34:40.877] [exthost] [info] ExtensionService#loadCommonJSModule file:///home/swapnil/.vscode/extensions/esbenp.prettier-vscode-2.3.0/out/extension
[2019-10-20 09:34:41.480] [exthost] [info] ExtensionService#_doActivateExtension PKief.material-icon-theme {"startup":true,"activationEvent":"*"}
[2019-10-20 09:34:41.483] [exthost] [info] ExtensionService#loadCommonJSModule file:///home/swapnil/.vscode/extensions/pkief.material-icon-theme-3.9.1/dist/extension
[2019-10-20 09:34:41.583] [exthost] [info] ExtensionService#_doActivateExtension vscode.npm {"startup":true,"activationEvent":"workspaceContains:package.json"}
[2019-10-20 09:34:41.583] [exthost] [info] ExtensionService#loadCommonJSModule file:///usr/share/code/resources/app/extensions/npm/dist/main
[2019-10-20 09:34:42.677] [exthost] [info] eager extensions activated
[2019-10-20 10:37:15.392] [exthost] [info] ExtensionService#_doActivateExtension onecentlin.laravel-blade {"startup":false,"activationEvent":"onLanguage:blade"}
[2019-10-20 10:37:15.393] [exthost] [info] ExtensionService#loadCommonJSModule file:///home/swapnil/.vscode/extensions/onecentlin.laravel-blade-1.20.0/out/src/extension
[2019-10-20 10:38:16.412] [exthost] [info] ExtensionService#_doActivateExtension vscode.html-language-features {"startup":false,"activationEvent":"onLanguage:html"}
[2019-10-20 10:38:16.412] [exthost] [info] ExtensionService#loadCommonJSModule file:///usr/share/code/resources/app/extensions/html-language-features/client/dist/htmlMain
[2019-10-20 12:19:38.069] [exthost] [error] [felixfbecker.php-intellisense] provider FAILED
[2019-10-20 12:19:38.080] [exthost] [error] Error: name must not be falsy
	at Function.validate (/usr/share/code/resources/app/out/vs/workbench/services/extensions/node/extensionHostProcess.js:361:366)
	at new b (/usr/share/code/resources/app/out/vs/workbench/services/extensions/node/extensionHostProcess.js:361:315)
	at new b (/usr/share/code/resources/app/out/vs/workbench/services/extensions/node/extensionHostProcess.js:350:44)
	at asSymbolInformation (/home/swapnil/.vscode/extensions/felixfbecker.php-intellisense-2.3.13/node_modules/vscode-languageclient/lib/protocolConverter.js:347:22)
	at values.map.information (/home/swapnil/.vscode/extensions/felixfbecker.php-intellisense-2.3.13/node_modules/vscode-languageclient/lib/protocolConverter.js:336:42)
	at Array.map (<anonymous>)
	at Object.asSymbolInformations (/home/swapnil/.vscode/extensions/felixfbecker.php-intellisense-2.3.13/node_modules/vscode-languageclient/lib/protocolConverter.js:336:23)
	at registerLanguageProvider.client.sendRequest.then (/home/swapnil/.vscode/extensions/felixfbecker.php-intellisense-2.3.13/node_modules/vscode-languageclient/lib/client.js:1002:62)
