[2019-08-16 21:30:30.425] [exthost] [info] extension host started
[2019-08-16 21:30:30.483] [exthost] [info] ExtensionService#_doActivateExtension vscode.css-language-features {"startup":false,"activationEvent":"onLanguage:scss"}
[2019-08-16 21:30:30.483] [exthost] [info] ExtensionService#loadCommonJSModule /usr/share/code/resources/app/extensions/css-language-features/client/dist/cssMain
[2019-08-16 21:30:30.657] [exthost] [info] ExtensionService#_doActivateExtension vscode.emmet {"startup":false,"activationEvent":"onLanguage:scss"}
[2019-08-16 21:30:30.657] [exthost] [info] ExtensionService#loadCommonJSModule /usr/share/code/resources/app/extensions/emmet/dist/extension
[2019-08-16 21:30:30.752] [exthost] [info] ExtensionService#_doActivateExtension vscode.debug-auto-launch {"startup":true,"activationEvent":"*"}
[2019-08-16 21:30:30.752] [exthost] [info] ExtensionService#loadCommonJSModule /usr/share/code/resources/app/extensions/debug-auto-launch/dist/extension
[2019-08-16 21:30:30.815] [exthost] [info] ExtensionService#_doActivateExtension vscode.git {"startup":true,"activationEvent":"*"}
[2019-08-16 21:30:30.815] [exthost] [info] ExtensionService#loadCommonJSModule /usr/share/code/resources/app/extensions/git/dist/main
[2019-08-16 21:30:31.033] [exthost] [info] ExtensionService#_doActivateExtension vscode.merge-conflict {"startup":true,"activationEvent":"*"}
[2019-08-16 21:30:31.033] [exthost] [info] ExtensionService#loadCommonJSModule /usr/share/code/resources/app/extensions/merge-conflict/dist/extension
[2019-08-16 21:30:31.071] [exthost] [info] ExtensionService#_doActivateExtension dbaeumer.vscode-eslint {"startup":true,"activationEvent":"*"}
[2019-08-16 21:30:31.071] [exthost] [info] ExtensionService#loadCommonJSModule /home/swapnil/.vscode/extensions/dbaeumer.vscode-eslint-1.9.0/client/out/extension
[2019-08-16 21:30:31.210] [exthost] [info] ExtensionService#_doActivateExtension Equinusocio.vsc-material-theme {"startup":true,"activationEvent":"*"}
[2019-08-16 21:30:31.211] [exthost] [info] ExtensionService#loadCommonJSModule /home/swapnil/.vscode/extensions/equinusocio.vsc-material-theme-30.0.0/out/src/material.theme.config
[2019-08-16 21:30:31.348] [exthost] [info] ExtensionService#_doActivateExtension esbenp.prettier-vscode {"startup":true,"activationEvent":"*"}
[2019-08-16 21:30:31.348] [exthost] [info] ExtensionService#loadCommonJSModule /home/swapnil/.vscode/extensions/esbenp.prettier-vscode-1.9.0/out/src/extension
[2019-08-16 21:30:32.146] [exthost] [info] ExtensionService#_doActivateExtension PKief.material-icon-theme {"startup":true,"activationEvent":"*"}
[2019-08-16 21:30:32.146] [exthost] [info] ExtensionService#loadCommonJSModule /home/swapnil/.vscode/extensions/pkief.material-icon-theme-3.8.1/dist/extension
[2019-08-16 21:30:32.230] [exthost] [info] ExtensionService#_doActivateExtension ritwickdey.LiveServer {"startup":true,"activationEvent":"*"}
[2019-08-16 21:30:32.230] [exthost] [info] ExtensionService#loadCommonJSModule /home/swapnil/.vscode/extensions/ritwickdey.liveserver-5.6.1/out/src/extension
[2019-08-16 21:30:37.385] [exthost] [info] ExtensionService#_doActivateExtension vscode.npm {"startup":true,"activationEvent":"workspaceContains:package.json"}
[2019-08-16 21:30:37.385] [exthost] [info] ExtensionService#loadCommonJSModule /usr/share/code/resources/app/extensions/npm/dist/main
[2019-08-16 21:30:38.649] [exthost] [info] ExtensionService#_doActivateExtension felixfbecker.php-intellisense {"startup":true,"activationEvent":"workspaceContains:**/*.php"}
[2019-08-16 21:30:38.649] [exthost] [info] ExtensionService#loadCommonJSModule /home/swapnil/.vscode/extensions/felixfbecker.php-intellisense-2.3.10/out/extension
[2019-08-16 21:30:39.116] [exthost] [info] eager extensions activated
[2019-08-16 23:20:05.977] [exthost] [info] ExtensionService#_doActivateExtension onecentlin.laravel-blade {"startup":false,"activationEvent":"onLanguage:blade"}
[2019-08-16 23:20:05.977] [exthost] [info] ExtensionService#loadCommonJSModule /home/swapnil/.vscode/extensions/onecentlin.laravel-blade-1.20.0/out/src/extension
[2019-08-16 23:23:23.743] [exthost] [error] [vscode.css-language-features] provider FAILED
[2019-08-16 23:23:23.743] [exthost] [error] TypeError: Cannot read property 'kind' of undefined
	at /usr/share/code/resources/app/extensions/css-language-features/client/dist/cssMain.js:1:157987
	at asHover (/usr/share/code/resources/app/extensions/css-language-features/client/dist/cssMain.js:1:158251)
[2019-08-16 23:23:24.130] [exthost] [error] [vscode.css-language-features] provider FAILED
[2019-08-16 23:23:24.130] [exthost] [error] TypeError: Cannot read property 'kind' of undefined
	at /usr/share/code/resources/app/extensions/css-language-features/client/dist/cssMain.js:1:157987
	at asHover (/usr/share/code/resources/app/extensions/css-language-features/client/dist/cssMain.js:1:158251)
[2019-08-16 23:23:44.175] [exthost] [error] [vscode.css-language-features] provider FAILED
[2019-08-16 23:23:44.175] [exthost] [error] TypeError: Cannot read property 'kind' of undefined
	at /usr/share/code/resources/app/extensions/css-language-features/client/dist/cssMain.js:1:157987
	at asHover (/usr/share/code/resources/app/extensions/css-language-features/client/dist/cssMain.js:1:158251)
[2019-08-16 23:26:14.120] [exthost] [info] ExtensionService#_doActivateExtension vscode.html-language-features {"startup":false,"activationEvent":"onLanguage:html"}
[2019-08-16 23:26:14.120] [exthost] [info] ExtensionService#loadCommonJSModule /usr/share/code/resources/app/extensions/html-language-features/client/dist/htmlMain
[2019-08-16 23:35:38.864] [exthost] [info] ExtensionService#_doActivateExtension vscode.php-language-features {"startup":false,"activationEvent":"onLanguage:php"}
[2019-08-16 23:35:38.864] [exthost] [info] ExtensionService#loadCommonJSModule /usr/share/code/resources/app/extensions/php-language-features/dist/phpMain
