[2019-08-28 21:39:16.222] [exthost] [info] extension host started
[2019-08-28 21:39:16.251] [exthost] [info] ExtensionService#_doActivateExtension onecentlin.laravel-blade {"startup":false,"activationEvent":"onLanguage:blade"}
[2019-08-28 21:39:16.251] [exthost] [info] ExtensionService#loadCommonJSModule /home/swapnil/.vscode/extensions/onecentlin.laravel-blade-1.20.0/out/src/extension
[2019-08-28 21:39:19.967] [exthost] [info] ExtensionService#_doActivateExtension vscode.debug-auto-launch {"startup":true,"activationEvent":"*"}
[2019-08-28 21:39:19.967] [exthost] [info] ExtensionService#loadCommonJSModule /usr/share/code/resources/app/extensions/debug-auto-launch/dist/extension
[2019-08-28 21:39:20.106] [exthost] [info] ExtensionService#_doActivateExtension vscode.emmet {"startup":true,"activationEvent":"*"}
[2019-08-28 21:39:20.106] [exthost] [info] ExtensionService#loadCommonJSModule /usr/share/code/resources/app/extensions/emmet/dist/extension
[2019-08-28 21:39:20.315] [exthost] [info] ExtensionService#_doActivateExtension vscode.git {"startup":true,"activationEvent":"*"}
[2019-08-28 21:39:20.315] [exthost] [info] ExtensionService#loadCommonJSModule /usr/share/code/resources/app/extensions/git/dist/main
[2019-08-28 21:39:20.720] [exthost] [info] ExtensionService#_doActivateExtension vscode.merge-conflict {"startup":true,"activationEvent":"*"}
[2019-08-28 21:39:20.720] [exthost] [info] ExtensionService#loadCommonJSModule /usr/share/code/resources/app/extensions/merge-conflict/dist/extension
[2019-08-28 21:39:20.855] [exthost] [info] ExtensionService#_doActivateExtension dbaeumer.vscode-eslint {"startup":true,"activationEvent":"*"}
[2019-08-28 21:39:20.855] [exthost] [info] ExtensionService#loadCommonJSModule /home/swapnil/.vscode/extensions/dbaeumer.vscode-eslint-1.9.1/client/out/extension
[2019-08-28 21:39:20.992] [exthost] [info] ExtensionService#_doActivateExtension Equinusocio.vsc-material-theme {"startup":true,"activationEvent":"*"}
[2019-08-28 21:39:20.992] [exthost] [info] ExtensionService#loadCommonJSModule /home/swapnil/.vscode/extensions/equinusocio.vsc-material-theme-30.0.0/out/src/material.theme.config
[2019-08-28 21:39:21.412] [exthost] [info] ExtensionService#_doActivateExtension esbenp.prettier-vscode {"startup":true,"activationEvent":"*"}
[2019-08-28 21:39:21.412] [exthost] [info] ExtensionService#loadCommonJSModule /home/swapnil/.vscode/extensions/esbenp.prettier-vscode-2.2.2/out/extension
[2019-08-28 21:39:23.250] [exthost] [info] ExtensionService#_doActivateExtension PKief.material-icon-theme {"startup":true,"activationEvent":"*"}
[2019-08-28 21:39:23.250] [exthost] [info] ExtensionService#loadCommonJSModule /home/swapnil/.vscode/extensions/pkief.material-icon-theme-3.8.1/dist/extension
[2019-08-28 21:39:23.282] [exthost] [info] ExtensionService#_doActivateExtension ritwickdey.LiveServer {"startup":true,"activationEvent":"*"}
[2019-08-28 21:39:23.282] [exthost] [info] ExtensionService#loadCommonJSModule /home/swapnil/.vscode/extensions/ritwickdey.liveserver-5.6.1/out/src/extension
[2019-08-28 21:39:41.379] [exthost] [info] ExtensionService#_doActivateExtension vscode.npm {"startup":true,"activationEvent":"workspaceContains:package.json"}
[2019-08-28 21:39:41.380] [exthost] [info] ExtensionService#loadCommonJSModule /usr/share/code/resources/app/extensions/npm/dist/main
[2019-08-28 21:39:43.943] [exthost] [info] ExtensionService#_doActivateExtension felixfbecker.php-intellisense {"startup":true,"activationEvent":"workspaceContains:**/*.php"}
[2019-08-28 21:39:43.943] [exthost] [info] ExtensionService#loadCommonJSModule /home/swapnil/.vscode/extensions/felixfbecker.php-intellisense-2.3.10/out/extension
[2019-08-28 21:39:48.561] [exthost] [info] eager extensions activated
[2019-08-28 23:23:21.589] [exthost] [info] ExtensionService#_doActivateExtension vscode.html-language-features {"startup":false,"activationEvent":"onLanguage:html"}
[2019-08-28 23:23:21.589] [exthost] [info] ExtensionService#loadCommonJSModule /usr/share/code/resources/app/extensions/html-language-features/client/dist/htmlMain
