[2019-09-17 10:06:56.769] [exthost] [info] extension host started
[2019-09-17 10:06:58.169] [exthost] [info] ExtensionService#_doActivateExtension onecentlin.laravel-blade {"startup":false,"activationEvent":"onLanguage:blade"}
[2019-09-17 10:06:58.169] [exthost] [info] ExtensionService#loadCommonJSModule file:///home/swapnil/.vscode/extensions/onecentlin.laravel-blade-1.20.0/out/src/extension
[2019-09-17 10:07:03.353] [exthost] [info] ExtensionService#_doActivateExtension vscode.debug-auto-launch {"startup":true,"activationEvent":"*"}
[2019-09-17 10:07:03.354] [exthost] [info] ExtensionService#loadCommonJSModule file:///usr/share/code/resources/app/extensions/debug-auto-launch/dist/extension
[2019-09-17 10:07:03.452] [exthost] [info] ExtensionService#_doActivateExtension vscode.emmet {"startup":true,"activationEvent":"*"}
[2019-09-17 10:07:03.452] [exthost] [info] ExtensionService#loadCommonJSModule file:///usr/share/code/resources/app/extensions/emmet/dist/extension
[2019-09-17 10:07:03.625] [exthost] [info] ExtensionService#_doActivateExtension vscode.git {"startup":true,"activationEvent":"*"}
[2019-09-17 10:07:03.625] [exthost] [info] ExtensionService#loadCommonJSModule file:///usr/share/code/resources/app/extensions/git/dist/main
[2019-09-17 10:07:03.870] [exthost] [info] ExtensionService#_doActivateExtension vscode.merge-conflict {"startup":true,"activationEvent":"*"}
[2019-09-17 10:07:03.870] [exthost] [info] ExtensionService#loadCommonJSModule file:///usr/share/code/resources/app/extensions/merge-conflict/dist/extension
[2019-09-17 10:07:04.018] [exthost] [info] ExtensionService#_doActivateExtension dbaeumer.vscode-eslint {"startup":true,"activationEvent":"*"}
[2019-09-17 10:07:04.018] [exthost] [info] ExtensionService#loadCommonJSModule file:///home/swapnil/.vscode/extensions/dbaeumer.vscode-eslint-1.9.1/client/out/extension
[2019-09-17 10:07:04.241] [exthost] [info] ExtensionService#_doActivateExtension Equinusocio.vsc-material-theme {"startup":true,"activationEvent":"*"}
[2019-09-17 10:07:04.241] [exthost] [info] ExtensionService#loadCommonJSModule file:///home/swapnil/.vscode/extensions/equinusocio.vsc-material-theme-30.0.0/out/src/material.theme.config
[2019-09-17 10:07:04.692] [exthost] [info] ExtensionService#_doActivateExtension esbenp.prettier-vscode {"startup":true,"activationEvent":"*"}
[2019-09-17 10:07:04.693] [exthost] [info] ExtensionService#loadCommonJSModule file:///home/swapnil/.vscode/extensions/esbenp.prettier-vscode-2.2.2/out/extension
[2019-09-17 10:07:08.524] [exthost] [info] ExtensionService#_doActivateExtension PKief.material-icon-theme {"startup":true,"activationEvent":"*"}
[2019-09-17 10:07:08.524] [exthost] [info] ExtensionService#loadCommonJSModule file:///home/swapnil/.vscode/extensions/pkief.material-icon-theme-3.9.0/dist/extension
[2019-09-17 10:07:08.568] [exthost] [info] ExtensionService#_doActivateExtension vscode.npm {"startup":true,"activationEvent":"workspaceContains:package.json"}
[2019-09-17 10:07:08.568] [exthost] [info] ExtensionService#loadCommonJSModule file:///usr/share/code/resources/app/extensions/npm/dist/main
[2019-09-17 10:07:10.503] [exthost] [info] ExtensionService#_doActivateExtension felixfbecker.php-intellisense {"startup":true,"activationEvent":"workspaceContains:**/*.php"}
[2019-09-17 10:07:10.504] [exthost] [info] ExtensionService#loadCommonJSModule file:///home/swapnil/.vscode/extensions/felixfbecker.php-intellisense-2.3.10/out/extension
[2019-09-17 10:07:12.033] [exthost] [info] eager extensions activated
[2019-09-17 10:08:50.191] [exthost] [info] ExtensionService#_doActivateExtension vscode.html-language-features {"startup":false,"activationEvent":"onLanguage:html"}
[2019-09-17 10:08:50.191] [exthost] [info] ExtensionService#loadCommonJSModule file:///usr/share/code/resources/app/extensions/html-language-features/client/dist/htmlMain
[2019-09-17 10:13:42.041] [exthost] [info] ExtensionService#_doActivateExtension vscode.php-language-features {"startup":false,"activationEvent":"onLanguage:php"}
[2019-09-17 10:13:42.041] [exthost] [info] ExtensionService#loadCommonJSModule file:///usr/share/code/resources/app/extensions/php-language-features/dist/phpMain
