[2019-08-15 13:40:08.439] [exthost] [info] extension host started
[2019-08-15 13:40:08.476] [exthost] [info] ExtensionService#_doActivateExtension vscode.debug-auto-launch {"startup":true,"activationEvent":"*"}
[2019-08-15 13:40:08.476] [exthost] [info] ExtensionService#loadCommonJSModule /usr/share/code/resources/app/extensions/debug-auto-launch/dist/extension
[2019-08-15 13:40:08.480] [exthost] [info] ExtensionService#_doActivateExtension vscode.emmet {"startup":true,"activationEvent":"*"}
[2019-08-15 13:40:08.480] [exthost] [info] ExtensionService#loadCommonJSModule /usr/share/code/resources/app/extensions/emmet/dist/extension
[2019-08-15 13:40:08.529] [exthost] [info] ExtensionService#_doActivateExtension vscode.git {"startup":true,"activationEvent":"*"}
[2019-08-15 13:40:08.529] [exthost] [info] ExtensionService#loadCommonJSModule /usr/share/code/resources/app/extensions/git/dist/main
[2019-08-15 13:40:08.615] [exthost] [info] ExtensionService#_doActivateExtension vscode.merge-conflict {"startup":true,"activationEvent":"*"}
[2019-08-15 13:40:08.615] [exthost] [info] ExtensionService#loadCommonJSModule /usr/share/code/resources/app/extensions/merge-conflict/dist/extension
[2019-08-15 13:40:08.622] [exthost] [info] ExtensionService#_doActivateExtension dbaeumer.vscode-eslint {"startup":true,"activationEvent":"*"}
[2019-08-15 13:40:08.622] [exthost] [info] ExtensionService#loadCommonJSModule /home/swapnil/.vscode/extensions/dbaeumer.vscode-eslint-1.9.0/client/out/extension
[2019-08-15 13:40:08.659] [exthost] [info] ExtensionService#_doActivateExtension Equinusocio.vsc-material-theme {"startup":true,"activationEvent":"*"}
[2019-08-15 13:40:08.659] [exthost] [info] ExtensionService#loadCommonJSModule /home/swapnil/.vscode/extensions/equinusocio.vsc-material-theme-30.0.0/out/src/material.theme.config
[2019-08-15 13:40:08.666] [exthost] [info] ExtensionService#_doActivateExtension esbenp.prettier-vscode {"startup":true,"activationEvent":"*"}
[2019-08-15 13:40:08.666] [exthost] [info] ExtensionService#loadCommonJSModule /home/swapnil/.vscode/extensions/esbenp.prettier-vscode-1.9.0/out/src/extension
[2019-08-15 13:40:08.806] [exthost] [info] ExtensionService#_doActivateExtension PKief.material-icon-theme {"startup":true,"activationEvent":"*"}
[2019-08-15 13:40:08.806] [exthost] [info] ExtensionService#loadCommonJSModule /home/swapnil/.vscode/extensions/pkief.material-icon-theme-3.8.1/dist/extension
[2019-08-15 13:40:08.824] [exthost] [info] ExtensionService#_doActivateExtension ritwickdey.LiveServer {"startup":true,"activationEvent":"*"}
[2019-08-15 13:40:08.824] [exthost] [info] ExtensionService#loadCommonJSModule /home/swapnil/.vscode/extensions/ritwickdey.liveserver-5.6.1/out/src/extension
[2019-08-15 13:40:09.058] [exthost] [info] eager extensions activated
[2019-08-15 13:40:14.633] [exthost] [info] ExtensionService#_doActivateExtension vscode.configuration-editing {"startup":false,"activationEvent":"onLanguage:jsonc"}
[2019-08-15 13:40:14.634] [exthost] [info] ExtensionService#loadCommonJSModule /usr/share/code/resources/app/extensions/configuration-editing/dist/extension
[2019-08-15 13:40:14.688] [exthost] [info] ExtensionService#_doActivateExtension vscode.json-language-features {"startup":false,"activationEvent":"onLanguage:jsonc"}
[2019-08-15 13:40:14.688] [exthost] [info] ExtensionService#loadCommonJSModule /usr/share/code/resources/app/extensions/json-language-features/client/dist/jsonMain
[2019-08-15 13:40:14.803] [exthost] [info] ExtensionService#_doActivateExtension vscode.typescript-language-features {"startup":false,"activationEvent":"onLanguage:jsonc"}
[2019-08-15 13:40:14.803] [exthost] [info] ExtensionService#loadCommonJSModule /usr/share/code/resources/app/extensions/typescript-language-features/dist/extension
[2019-08-15 13:40:51.351] [exthost] [info] extension host started
[2019-08-15 13:40:51.364] [exthost] [info] ExtensionService#_doActivateExtension vscode.debug-auto-launch {"startup":true,"activationEvent":"*"}
[2019-08-15 13:40:51.364] [exthost] [info] ExtensionService#loadCommonJSModule /usr/share/code/resources/app/extensions/debug-auto-launch/dist/extension
[2019-08-15 13:40:51.367] [exthost] [info] ExtensionService#_doActivateExtension vscode.emmet {"startup":true,"activationEvent":"*"}
[2019-08-15 13:40:51.367] [exthost] [info] ExtensionService#loadCommonJSModule /usr/share/code/resources/app/extensions/emmet/dist/extension
[2019-08-15 13:40:51.431] [exthost] [info] ExtensionService#_doActivateExtension vscode.git {"startup":true,"activationEvent":"*"}
[2019-08-15 13:40:51.431] [exthost] [info] ExtensionService#loadCommonJSModule /usr/share/code/resources/app/extensions/git/dist/main
[2019-08-15 13:40:51.561] [exthost] [info] ExtensionService#_doActivateExtension vscode.merge-conflict {"startup":true,"activationEvent":"*"}
[2019-08-15 13:40:51.561] [exthost] [info] ExtensionService#loadCommonJSModule /usr/share/code/resources/app/extensions/merge-conflict/dist/extension
[2019-08-15 13:40:51.567] [exthost] [info] ExtensionService#_doActivateExtension dbaeumer.vscode-eslint {"startup":true,"activationEvent":"*"}
[2019-08-15 13:40:51.567] [exthost] [info] ExtensionService#loadCommonJSModule /home/swapnil/.vscode/extensions/dbaeumer.vscode-eslint-1.9.0/client/out/extension
[2019-08-15 13:40:51.602] [exthost] [info] ExtensionService#_doActivateExtension Equinusocio.vsc-material-theme {"startup":true,"activationEvent":"*"}
[2019-08-15 13:40:51.602] [exthost] [info] ExtensionService#loadCommonJSModule /home/swapnil/.vscode/extensions/equinusocio.vsc-material-theme-30.0.0/out/src/material.theme.config
[2019-08-15 13:40:51.609] [exthost] [info] ExtensionService#_doActivateExtension esbenp.prettier-vscode {"startup":true,"activationEvent":"*"}
[2019-08-15 13:40:51.609] [exthost] [info] ExtensionService#loadCommonJSModule /home/swapnil/.vscode/extensions/esbenp.prettier-vscode-1.9.0/out/src/extension
[2019-08-15 13:40:51.765] [exthost] [info] ExtensionService#_doActivateExtension PKief.material-icon-theme {"startup":true,"activationEvent":"*"}
[2019-08-15 13:40:51.765] [exthost] [info] ExtensionService#loadCommonJSModule /home/swapnil/.vscode/extensions/pkief.material-icon-theme-3.8.1/dist/extension
[2019-08-15 13:40:51.788] [exthost] [info] ExtensionService#_doActivateExtension ritwickdey.LiveServer {"startup":true,"activationEvent":"*"}
[2019-08-15 13:40:51.788] [exthost] [info] ExtensionService#loadCommonJSModule /home/swapnil/.vscode/extensions/ritwickdey.liveserver-5.6.1/out/src/extension
[2019-08-15 13:40:52.122] [exthost] [info] ExtensionService#_doActivateExtension vscode.npm {"startup":true,"activationEvent":"workspaceContains:package.json"}
[2019-08-15 13:40:52.122] [exthost] [info] ExtensionService#loadCommonJSModule /usr/share/code/resources/app/extensions/npm/dist/main
[2019-08-15 13:40:52.550] [exthost] [info] ExtensionService#_doActivateExtension felixfbecker.php-intellisense {"startup":true,"activationEvent":"workspaceContains:**/*.php"}
[2019-08-15 13:40:52.550] [exthost] [info] ExtensionService#loadCommonJSModule /home/swapnil/.vscode/extensions/felixfbecker.php-intellisense-2.3.10/out/extension
[2019-08-15 13:40:52.747] [exthost] [info] eager extensions activated
[2019-08-15 13:41:09.823] [exthost] [info] ExtensionService#_doActivateExtension vscode.php-language-features {"startup":false,"activationEvent":"onLanguage:php"}
[2019-08-15 13:41:09.823] [exthost] [info] ExtensionService#loadCommonJSModule /usr/share/code/resources/app/extensions/php-language-features/dist/phpMain
[2019-08-15 13:41:35.822] [exthost] [info] ExtensionService#_doActivateExtension onecentlin.laravel-blade {"startup":false,"activationEvent":"onLanguage:blade"}
[2019-08-15 13:41:35.822] [exthost] [info] ExtensionService#loadCommonJSModule /home/swapnil/.vscode/extensions/onecentlin.laravel-blade-1.20.0/out/src/extension
[2019-08-15 13:58:34.993] [exthost] [info] ExtensionService#_doActivateExtension vscode.html-language-features {"startup":false,"activationEvent":"onLanguage:html"}
[2019-08-15 13:58:34.993] [exthost] [info] ExtensionService#loadCommonJSModule /usr/share/code/resources/app/extensions/html-language-features/client/dist/htmlMain
[2019-08-15 14:34:16.354] [exthost] [info] ExtensionService#_doActivateExtension vscode.css-language-features {"startup":false,"activationEvent":"onLanguage:scss"}
[2019-08-15 14:34:16.354] [exthost] [info] ExtensionService#loadCommonJSModule /usr/share/code/resources/app/extensions/css-language-features/client/dist/cssMain
