[2019-08-18 16:12:49.014] [exthost] [info] extension host started
[2019-08-18 16:12:49.028] [exthost] [info] ExtensionService#_doActivateExtension onecentlin.laravel-blade {"startup":false,"activationEvent":"onLanguage:blade"}
[2019-08-18 16:12:49.028] [exthost] [info] ExtensionService#loadCommonJSModule /home/swapnil/.vscode/extensions/onecentlin.laravel-blade-1.20.0/out/src/extension
[2019-08-18 16:12:54.006] [exthost] [info] ExtensionService#_doActivateExtension vscode.debug-auto-launch {"startup":true,"activationEvent":"*"}
[2019-08-18 16:12:54.006] [exthost] [info] ExtensionService#loadCommonJSModule /usr/share/code/resources/app/extensions/debug-auto-launch/dist/extension
[2019-08-18 16:12:54.234] [exthost] [info] ExtensionService#_doActivateExtension vscode.emmet {"startup":true,"activationEvent":"*"}
[2019-08-18 16:12:54.234] [exthost] [info] ExtensionService#loadCommonJSModule /usr/share/code/resources/app/extensions/emmet/dist/extension
[2019-08-18 16:12:54.343] [exthost] [info] ExtensionService#_doActivateExtension vscode.git {"startup":true,"activationEvent":"*"}
[2019-08-18 16:12:54.343] [exthost] [info] ExtensionService#loadCommonJSModule /usr/share/code/resources/app/extensions/git/dist/main
[2019-08-18 16:12:54.666] [exthost] [info] ExtensionService#_doActivateExtension vscode.merge-conflict {"startup":true,"activationEvent":"*"}
[2019-08-18 16:12:54.666] [exthost] [info] ExtensionService#loadCommonJSModule /usr/share/code/resources/app/extensions/merge-conflict/dist/extension
[2019-08-18 16:12:54.738] [exthost] [info] ExtensionService#_doActivateExtension dbaeumer.vscode-eslint {"startup":true,"activationEvent":"*"}
[2019-08-18 16:12:54.738] [exthost] [info] ExtensionService#loadCommonJSModule /home/swapnil/.vscode/extensions/dbaeumer.vscode-eslint-1.9.0/client/out/extension
[2019-08-18 16:12:54.908] [exthost] [info] ExtensionService#_doActivateExtension Equinusocio.vsc-material-theme {"startup":true,"activationEvent":"*"}
[2019-08-18 16:12:54.908] [exthost] [info] ExtensionService#loadCommonJSModule /home/swapnil/.vscode/extensions/equinusocio.vsc-material-theme-30.0.0/out/src/material.theme.config
[2019-08-18 16:12:55.411] [exthost] [info] ExtensionService#_doActivateExtension esbenp.prettier-vscode {"startup":true,"activationEvent":"*"}
[2019-08-18 16:12:55.411] [exthost] [info] ExtensionService#loadCommonJSModule /home/swapnil/.vscode/extensions/esbenp.prettier-vscode-1.9.0/out/src/extension
[2019-08-18 16:12:57.025] [exthost] [info] ExtensionService#_doActivateExtension PKief.material-icon-theme {"startup":true,"activationEvent":"*"}
[2019-08-18 16:12:57.025] [exthost] [info] ExtensionService#loadCommonJSModule /home/swapnil/.vscode/extensions/pkief.material-icon-theme-3.8.1/dist/extension
[2019-08-18 16:12:57.085] [exthost] [info] ExtensionService#_doActivateExtension ritwickdey.LiveServer {"startup":true,"activationEvent":"*"}
[2019-08-18 16:12:57.085] [exthost] [info] ExtensionService#loadCommonJSModule /home/swapnil/.vscode/extensions/ritwickdey.liveserver-5.6.1/out/src/extension
[2019-08-18 16:13:23.161] [exthost] [info] ExtensionService#_doActivateExtension vscode.npm {"startup":true,"activationEvent":"workspaceContains:package.json"}
[2019-08-18 16:13:23.161] [exthost] [info] ExtensionService#loadCommonJSModule /usr/share/code/resources/app/extensions/npm/dist/main
[2019-08-18 16:13:26.060] [exthost] [info] ExtensionService#_doActivateExtension felixfbecker.php-intellisense {"startup":true,"activationEvent":"workspaceContains:**/*.php"}
[2019-08-18 16:13:26.060] [exthost] [info] ExtensionService#loadCommonJSModule /home/swapnil/.vscode/extensions/felixfbecker.php-intellisense-2.3.10/out/extension
[2019-08-18 16:13:29.079] [exthost] [info] eager extensions activated
[2019-08-18 17:08:32.606] [exthost] [info] ExtensionService#_doActivateExtension vscode.html-language-features {"startup":false,"activationEvent":"onLanguage:html"}
[2019-08-18 17:08:32.606] [exthost] [info] ExtensionService#loadCommonJSModule /usr/share/code/resources/app/extensions/html-language-features/client/dist/htmlMain
[2019-08-18 17:08:35.791] [exthost] [info] ExtensionService#_doActivateExtension vscode.php-language-features {"startup":false,"activationEvent":"onLanguage:php"}
[2019-08-18 17:08:35.791] [exthost] [info] ExtensionService#loadCommonJSModule /usr/share/code/resources/app/extensions/php-language-features/dist/phpMain
[2019-08-18 18:01:38.400] [exthost] [info] ExtensionService#_doActivateExtension vscode.css-language-features {"startup":false,"activationEvent":"onLanguage:scss"}
[2019-08-18 18:01:38.406] [exthost] [info] ExtensionService#loadCommonJSModule /usr/share/code/resources/app/extensions/css-language-features/client/dist/cssMain
[2019-08-18 20:37:42.868] [exthost] [error] [vscode.css-language-features] provider FAILED
[2019-08-18 20:37:42.870] [exthost] [error] TypeError: Cannot read property 'kind' of undefined
	at /usr/share/code/resources/app/extensions/css-language-features/client/dist/cssMain.js:1:157987
	at asHover (/usr/share/code/resources/app/extensions/css-language-features/client/dist/cssMain.js:1:158251)
[2019-08-18 20:40:07.854] [exthost] [error] [vscode.css-language-features] provider FAILED
[2019-08-18 20:40:07.854] [exthost] [error] TypeError: Cannot read property 'kind' of undefined
	at /usr/share/code/resources/app/extensions/css-language-features/client/dist/cssMain.js:1:157987
	at asHover (/usr/share/code/resources/app/extensions/css-language-features/client/dist/cssMain.js:1:158251)
[2019-08-18 20:41:14.093] [exthost] [error] [vscode.css-language-features] provider FAILED
[2019-08-18 20:41:14.093] [exthost] [error] TypeError: Cannot read property 'kind' of undefined
	at /usr/share/code/resources/app/extensions/css-language-features/client/dist/cssMain.js:1:157987
	at asHover (/usr/share/code/resources/app/extensions/css-language-features/client/dist/cssMain.js:1:158251)
[2019-08-18 20:41:47.322] [exthost] [error] [vscode.css-language-features] provider FAILED
[2019-08-18 20:41:47.322] [exthost] [error] TypeError: Cannot read property 'kind' of undefined
	at /usr/share/code/resources/app/extensions/css-language-features/client/dist/cssMain.js:1:157987
	at asHover (/usr/share/code/resources/app/extensions/css-language-features/client/dist/cssMain.js:1:158251)
[2019-08-18 20:43:31.700] [exthost] [error] [vscode.css-language-features] provider FAILED
[2019-08-18 20:43:31.700] [exthost] [error] TypeError: Cannot read property 'kind' of undefined
	at /usr/share/code/resources/app/extensions/css-language-features/client/dist/cssMain.js:1:157987
	at asHover (/usr/share/code/resources/app/extensions/css-language-features/client/dist/cssMain.js:1:158251)
[2019-08-18 20:43:47.532] [exthost] [error] [vscode.css-language-features] provider FAILED
[2019-08-18 20:43:47.533] [exthost] [error] TypeError: Cannot read property 'kind' of undefined
	at /usr/share/code/resources/app/extensions/css-language-features/client/dist/cssMain.js:1:157987
	at asHover (/usr/share/code/resources/app/extensions/css-language-features/client/dist/cssMain.js:1:158251)
[2019-08-18 20:44:23.773] [exthost] [error] [vscode.css-language-features] provider FAILED
[2019-08-18 20:44:23.774] [exthost] [error] TypeError: Cannot read property 'kind' of undefined
	at /usr/share/code/resources/app/extensions/css-language-features/client/dist/cssMain.js:1:157987
	at asHover (/usr/share/code/resources/app/extensions/css-language-features/client/dist/cssMain.js:1:158251)
[2019-08-18 20:44:24.864] [exthost] [error] [vscode.css-language-features] provider FAILED
[2019-08-18 20:44:24.865] [exthost] [error] TypeError: Cannot read property 'kind' of undefined
	at /usr/share/code/resources/app/extensions/css-language-features/client/dist/cssMain.js:1:157987
	at asHover (/usr/share/code/resources/app/extensions/css-language-features/client/dist/cssMain.js:1:158251)
[2019-08-18 20:44:25.213] [exthost] [error] [vscode.css-language-features] provider FAILED
[2019-08-18 20:44:25.213] [exthost] [error] TypeError: Cannot read property 'kind' of undefined
	at /usr/share/code/resources/app/extensions/css-language-features/client/dist/cssMain.js:1:157987
	at asHover (/usr/share/code/resources/app/extensions/css-language-features/client/dist/cssMain.js:1:158251)
[2019-08-18 20:45:16.010] [exthost] [error] [vscode.css-language-features] provider FAILED
[2019-08-18 20:45:16.010] [exthost] [error] TypeError: Cannot read property 'kind' of undefined
	at /usr/share/code/resources/app/extensions/css-language-features/client/dist/cssMain.js:1:157987
	at asHover (/usr/share/code/resources/app/extensions/css-language-features/client/dist/cssMain.js:1:158251)
[2019-08-18 20:46:18.129] [exthost] [error] [vscode.css-language-features] provider FAILED
[2019-08-18 20:46:18.129] [exthost] [error] TypeError: Cannot read property 'kind' of undefined
	at /usr/share/code/resources/app/extensions/css-language-features/client/dist/cssMain.js:1:157987
	at asHover (/usr/share/code/resources/app/extensions/css-language-features/client/dist/cssMain.js:1:158251)
[2019-08-18 20:52:43.081] [exthost] [error] [vscode.css-language-features] provider FAILED
[2019-08-18 20:52:43.081] [exthost] [error] TypeError: Cannot read property 'kind' of undefined
	at /usr/share/code/resources/app/extensions/css-language-features/client/dist/cssMain.js:1:157987
	at asHover (/usr/share/code/resources/app/extensions/css-language-features/client/dist/cssMain.js:1:158251)
[2019-08-18 20:52:43.281] [exthost] [error] [vscode.css-language-features] provider FAILED
[2019-08-18 20:52:43.282] [exthost] [error] TypeError: Cannot read property 'kind' of undefined
	at /usr/share/code/resources/app/extensions/css-language-features/client/dist/cssMain.js:1:157987
	at asHover (/usr/share/code/resources/app/extensions/css-language-features/client/dist/cssMain.js:1:158251)
[2019-08-18 23:17:23.665] [exthost] [error] [vscode.css-language-features] provider FAILED
[2019-08-18 23:17:23.665] [exthost] [error] TypeError: Cannot read property 'kind' of undefined
	at /usr/share/code/resources/app/extensions/css-language-features/client/dist/cssMain.js:1:157987
	at asHover (/usr/share/code/resources/app/extensions/css-language-features/client/dist/cssMain.js:1:158251)
