[2019-10-20 12:40:29.113] [exthost] [info] extension host started
[2019-10-20 12:40:29.125] [exthost] [info] ExtensionService#_doActivateExtension vscode.debug-auto-launch {"startup":true,"activationEvent":"*"}
[2019-10-20 12:40:29.126] [exthost] [info] ExtensionService#loadCommonJSModule file:///usr/share/code/resources/app/extensions/debug-auto-launch/dist/extension
[2019-10-20 12:40:29.129] [exthost] [info] ExtensionService#_doActivateExtension vscode.emmet {"startup":true,"activationEvent":"*"}
[2019-10-20 12:40:29.129] [exthost] [info] ExtensionService#loadCommonJSModule file:///usr/share/code/resources/app/extensions/emmet/dist/extension
[2019-10-20 12:40:29.207] [exthost] [info] ExtensionService#_doActivateExtension vscode.git {"startup":true,"activationEvent":"*"}
[2019-10-20 12:40:29.207] [exthost] [info] ExtensionService#loadCommonJSModule file:///usr/share/code/resources/app/extensions/git/dist/main
[2019-10-20 12:40:29.313] [exthost] [info] ExtensionService#_doActivateExtension vscode.merge-conflict {"startup":true,"activationEvent":"*"}
[2019-10-20 12:40:29.313] [exthost] [info] ExtensionService#loadCommonJSModule file:///usr/share/code/resources/app/extensions/merge-conflict/dist/extension
[2019-10-20 12:40:29.318] [exthost] [info] ExtensionService#_doActivateExtension dbaeumer.vscode-eslint {"startup":true,"activationEvent":"*"}
[2019-10-20 12:40:29.318] [exthost] [info] ExtensionService#loadCommonJSModule file:///home/swapnil/.vscode/extensions/dbaeumer.vscode-eslint-1.9.1/client/out/extension
[2019-10-20 12:40:29.368] [exthost] [info] ExtensionService#_doActivateExtension Equinusocio.vsc-material-theme {"startup":true,"activationEvent":"*"}
[2019-10-20 12:40:29.368] [exthost] [info] ExtensionService#loadCommonJSModule file:///home/swapnil/.vscode/extensions/equinusocio.vsc-material-theme-30.0.0/out/src/material.theme.config
[2019-10-20 12:40:29.396] [exthost] [info] ExtensionService#_doActivateExtension esbenp.prettier-vscode {"startup":true,"activationEvent":"*"}
[2019-10-20 12:40:29.396] [exthost] [info] ExtensionService#loadCommonJSModule file:///home/swapnil/.vscode/extensions/esbenp.prettier-vscode-2.3.0/out/extension
[2019-10-20 12:40:29.877] [exthost] [info] ExtensionService#_doActivateExtension PKief.material-icon-theme {"startup":true,"activationEvent":"*"}
[2019-10-20 12:40:29.878] [exthost] [info] ExtensionService#loadCommonJSModule file:///home/swapnil/.vscode/extensions/pkief.material-icon-theme-3.9.1/dist/extension
[2019-10-20 12:40:29.921] [exthost] [info] ExtensionService#_doActivateExtension ritwickdey.LiveServer {"startup":true,"activationEvent":"*"}
[2019-10-20 12:40:29.921] [exthost] [info] ExtensionService#loadCommonJSModule file:///home/swapnil/.vscode/extensions/ritwickdey.liveserver-5.6.1/out/src/extension
[2019-10-20 12:40:31.528] [exthost] [info] eager extensions activated
[2019-10-20 12:41:00.450] [exthost] [info] extension host started
[2019-10-20 12:41:00.496] [exthost] [info] ExtensionService#_doActivateExtension vscode.typescript-language-features {"startup":false,"activationEvent":"onLanguage:javascript"}
[2019-10-20 12:41:00.496] [exthost] [info] ExtensionService#loadCommonJSModule file:///usr/share/code/resources/app/extensions/typescript-language-features/dist/extension
[2019-10-20 12:41:00.694] [exthost] [info] ExtensionService#_doActivateExtension vscode.debug-auto-launch {"startup":true,"activationEvent":"*"}
[2019-10-20 12:41:00.694] [exthost] [info] ExtensionService#loadCommonJSModule file:///usr/share/code/resources/app/extensions/debug-auto-launch/dist/extension
[2019-10-20 12:41:00.698] [exthost] [info] ExtensionService#_doActivateExtension vscode.emmet {"startup":true,"activationEvent":"*"}
[2019-10-20 12:41:00.699] [exthost] [info] ExtensionService#loadCommonJSModule file:///usr/share/code/resources/app/extensions/emmet/dist/extension
[2019-10-20 12:41:00.768] [exthost] [info] ExtensionService#_doActivateExtension vscode.git {"startup":true,"activationEvent":"*"}
[2019-10-20 12:41:00.768] [exthost] [info] ExtensionService#loadCommonJSModule file:///usr/share/code/resources/app/extensions/git/dist/main
[2019-10-20 12:41:00.855] [exthost] [info] ExtensionService#_doActivateExtension vscode.merge-conflict {"startup":true,"activationEvent":"*"}
[2019-10-20 12:41:00.855] [exthost] [info] ExtensionService#loadCommonJSModule file:///usr/share/code/resources/app/extensions/merge-conflict/dist/extension
[2019-10-20 12:41:00.860] [exthost] [info] ExtensionService#_doActivateExtension dbaeumer.vscode-eslint {"startup":true,"activationEvent":"*"}
[2019-10-20 12:41:00.860] [exthost] [info] ExtensionService#loadCommonJSModule file:///home/swapnil/.vscode/extensions/dbaeumer.vscode-eslint-1.9.1/client/out/extension
[2019-10-20 12:41:00.891] [exthost] [info] ExtensionService#_doActivateExtension Equinusocio.vsc-material-theme {"startup":true,"activationEvent":"*"}
[2019-10-20 12:41:00.891] [exthost] [info] ExtensionService#loadCommonJSModule file:///home/swapnil/.vscode/extensions/equinusocio.vsc-material-theme-30.0.0/out/src/material.theme.config
[2019-10-20 12:41:00.898] [exthost] [info] ExtensionService#_doActivateExtension esbenp.prettier-vscode {"startup":true,"activationEvent":"*"}
[2019-10-20 12:41:00.898] [exthost] [info] ExtensionService#loadCommonJSModule file:///home/swapnil/.vscode/extensions/esbenp.prettier-vscode-2.3.0/out/extension
[2019-10-20 12:41:01.103] [exthost] [info] ExtensionService#_doActivateExtension PKief.material-icon-theme {"startup":true,"activationEvent":"*"}
[2019-10-20 12:41:01.103] [exthost] [info] ExtensionService#loadCommonJSModule file:///home/swapnil/.vscode/extensions/pkief.material-icon-theme-3.9.1/dist/extension
[2019-10-20 12:41:01.134] [exthost] [info] ExtensionService#_doActivateExtension ritwickdey.LiveServer {"startup":true,"activationEvent":"*"}
[2019-10-20 12:41:01.134] [exthost] [info] ExtensionService#loadCommonJSModule file:///home/swapnil/.vscode/extensions/ritwickdey.liveserver-5.6.1/out/src/extension
[2019-10-20 12:41:01.491] [exthost] [info] ExtensionService#_doActivateExtension vscode.npm {"startup":true,"activationEvent":"workspaceContains:package.json"}
[2019-10-20 12:41:01.491] [exthost] [info] ExtensionService#loadCommonJSModule file:///usr/share/code/resources/app/extensions/npm/dist/main
[2019-10-20 12:41:03.593] [exthost] [info] eager extensions activated
[2019-10-20 12:41:30.571] [exthost] [info] ExtensionService#_doActivateExtension vscode.extension-editing {"startup":false,"activationEvent":"onLanguage:typescript"}
[2019-10-20 12:41:30.571] [exthost] [info] ExtensionService#loadCommonJSModule file:///usr/share/code/resources/app/extensions/extension-editing/dist/extension
