[2019-10-20 09:52:48.022] [exthost] [info] extension host started
[2019-10-20 09:52:48.032] [exthost] [info] ExtensionService#_doActivateExtension vscode.debug-auto-launch {"startup":true,"activationEvent":"*"}
[2019-10-20 09:52:48.032] [exthost] [info] ExtensionService#loadCommonJSModule file:///usr/share/code/resources/app/extensions/debug-auto-launch/dist/extension
[2019-10-20 09:52:48.035] [exthost] [info] ExtensionService#_doActivateExtension vscode.emmet {"startup":true,"activationEvent":"*"}
[2019-10-20 09:52:48.035] [exthost] [info] ExtensionService#loadCommonJSModule file:///usr/share/code/resources/app/extensions/emmet/dist/extension
[2019-10-20 09:52:48.077] [exthost] [info] ExtensionService#_doActivateExtension vscode.git {"startup":true,"activationEvent":"*"}
[2019-10-20 09:52:48.077] [exthost] [info] ExtensionService#loadCommonJSModule file:///usr/share/code/resources/app/extensions/git/dist/main
[2019-10-20 09:52:48.163] [exthost] [info] ExtensionService#_doActivateExtension vscode.merge-conflict {"startup":true,"activationEvent":"*"}
[2019-10-20 09:52:48.163] [exthost] [info] ExtensionService#loadCommonJSModule file:///usr/share/code/resources/app/extensions/merge-conflict/dist/extension
[2019-10-20 09:52:48.167] [exthost] [info] ExtensionService#_doActivateExtension dbaeumer.vscode-eslint {"startup":true,"activationEvent":"*"}
[2019-10-20 09:52:48.167] [exthost] [info] ExtensionService#loadCommonJSModule file:///home/swapnil/.vscode/extensions/dbaeumer.vscode-eslint-1.9.1/client/out/extension
[2019-10-20 09:52:48.199] [exthost] [info] ExtensionService#_doActivateExtension Equinusocio.vsc-material-theme {"startup":true,"activationEvent":"*"}
[2019-10-20 09:52:48.199] [exthost] [info] ExtensionService#loadCommonJSModule file:///home/swapnil/.vscode/extensions/equinusocio.vsc-material-theme-30.0.0/out/src/material.theme.config
[2019-10-20 09:52:48.206] [exthost] [info] ExtensionService#_doActivateExtension esbenp.prettier-vscode {"startup":true,"activationEvent":"*"}
[2019-10-20 09:52:48.206] [exthost] [info] ExtensionService#loadCommonJSModule file:///home/swapnil/.vscode/extensions/esbenp.prettier-vscode-2.3.0/out/extension
[2019-10-20 09:52:48.429] [exthost] [info] ExtensionService#_doActivateExtension PKief.material-icon-theme {"startup":true,"activationEvent":"*"}
[2019-10-20 09:52:48.430] [exthost] [info] ExtensionService#loadCommonJSModule file:///home/swapnil/.vscode/extensions/pkief.material-icon-theme-3.9.1/dist/extension
[2019-10-20 09:52:48.448] [exthost] [info] ExtensionService#_doActivateExtension ritwickdey.LiveServer {"startup":true,"activationEvent":"*"}
[2019-10-20 09:52:48.449] [exthost] [info] ExtensionService#loadCommonJSModule file:///home/swapnil/.vscode/extensions/ritwickdey.liveserver-5.6.1/out/src/extension
[2019-10-20 09:52:48.755] [exthost] [info] eager extensions activated
[2019-10-20 09:53:08.000] [exthost] [info] extension host started
[2019-10-20 09:53:08.007] [exthost] [info] ExtensionService#_doActivateExtension vscode.debug-auto-launch {"startup":true,"activationEvent":"*"}
[2019-10-20 09:53:08.007] [exthost] [info] ExtensionService#loadCommonJSModule file:///usr/share/code/resources/app/extensions/debug-auto-launch/dist/extension
[2019-10-20 09:53:08.010] [exthost] [info] ExtensionService#_doActivateExtension vscode.emmet {"startup":true,"activationEvent":"*"}
[2019-10-20 09:53:08.010] [exthost] [info] ExtensionService#loadCommonJSModule file:///usr/share/code/resources/app/extensions/emmet/dist/extension
[2019-10-20 09:53:08.060] [exthost] [info] ExtensionService#_doActivateExtension vscode.git {"startup":true,"activationEvent":"*"}
[2019-10-20 09:53:08.060] [exthost] [info] ExtensionService#loadCommonJSModule file:///usr/share/code/resources/app/extensions/git/dist/main
[2019-10-20 09:53:08.158] [exthost] [info] ExtensionService#_doActivateExtension vscode.merge-conflict {"startup":true,"activationEvent":"*"}
[2019-10-20 09:53:08.158] [exthost] [info] ExtensionService#loadCommonJSModule file:///usr/share/code/resources/app/extensions/merge-conflict/dist/extension
[2019-10-20 09:53:08.163] [exthost] [info] ExtensionService#_doActivateExtension dbaeumer.vscode-eslint {"startup":true,"activationEvent":"*"}
[2019-10-20 09:53:08.163] [exthost] [info] ExtensionService#loadCommonJSModule file:///home/swapnil/.vscode/extensions/dbaeumer.vscode-eslint-1.9.1/client/out/extension
[2019-10-20 09:53:08.202] [exthost] [info] ExtensionService#_doActivateExtension Equinusocio.vsc-material-theme {"startup":true,"activationEvent":"*"}
[2019-10-20 09:53:08.202] [exthost] [info] ExtensionService#loadCommonJSModule file:///home/swapnil/.vscode/extensions/equinusocio.vsc-material-theme-30.0.0/out/src/material.theme.config
[2019-10-20 09:53:08.211] [exthost] [info] ExtensionService#_doActivateExtension esbenp.prettier-vscode {"startup":true,"activationEvent":"*"}
[2019-10-20 09:53:08.211] [exthost] [info] ExtensionService#loadCommonJSModule file:///home/swapnil/.vscode/extensions/esbenp.prettier-vscode-2.3.0/out/extension
[2019-10-20 09:53:08.400] [exthost] [info] ExtensionService#_doActivateExtension PKief.material-icon-theme {"startup":true,"activationEvent":"*"}
[2019-10-20 09:53:08.400] [exthost] [info] ExtensionService#loadCommonJSModule file:///home/swapnil/.vscode/extensions/pkief.material-icon-theme-3.9.1/dist/extension
[2019-10-20 09:53:08.416] [exthost] [info] ExtensionService#_doActivateExtension ritwickdey.LiveServer {"startup":true,"activationEvent":"*"}
[2019-10-20 09:53:08.416] [exthost] [info] ExtensionService#loadCommonJSModule file:///home/swapnil/.vscode/extensions/ritwickdey.liveserver-5.6.1/out/src/extension
[2019-10-20 09:53:08.651] [exthost] [info] ExtensionService#_doActivateExtension vscode.npm {"startup":true,"activationEvent":"workspaceContains:package.json"}
[2019-10-20 09:53:08.651] [exthost] [info] ExtensionService#loadCommonJSModule file:///usr/share/code/resources/app/extensions/npm/dist/main
[2019-10-20 09:53:09.057] [exthost] [info] eager extensions activated
[2019-10-20 09:53:18.582] [exthost] [info] ExtensionService#_doActivateExtension vscode.typescript-language-features {"startup":false,"activationEvent":"onLanguage:javascript"}
[2019-10-20 09:53:18.582] [exthost] [info] ExtensionService#loadCommonJSModule file:///usr/share/code/resources/app/extensions/typescript-language-features/dist/extension
[2019-10-20 09:53:26.491] [exthost] [info] ExtensionService#_doActivateExtension vscode.extension-editing {"startup":false,"activationEvent":"onLanguage:typescript"}
[2019-10-20 09:53:26.491] [exthost] [info] ExtensionService#loadCommonJSModule file:///usr/share/code/resources/app/extensions/extension-editing/dist/extension
