[2019-09-16 23:58:49.252] [exthost] [info] extension host started
[2019-09-16 23:58:49.318] [exthost] [info] ExtensionService#_doActivateExtension vscode.configuration-editing {"startup":false,"activationEvent":"onLanguage:json"}
[2019-09-16 23:58:49.318] [exthost] [info] ExtensionService#loadCommonJSModule file:///usr/share/code/resources/app/extensions/configuration-editing/dist/extension
[2019-09-16 23:58:49.509] [exthost] [info] ExtensionService#_doActivateExtension vscode.extension-editing {"startup":false,"activationEvent":"onLanguage:json"}
[2019-09-16 23:58:49.509] [exthost] [info] ExtensionService#loadCommonJSModule file:///usr/share/code/resources/app/extensions/extension-editing/dist/extension
[2019-09-16 23:58:49.852] [exthost] [info] ExtensionService#_doActivateExtension vscode.json-language-features {"startup":false,"activationEvent":"onLanguage:json"}
[2019-09-16 23:58:49.852] [exthost] [info] ExtensionService#loadCommonJSModule file:///usr/share/code/resources/app/extensions/json-language-features/client/dist/jsonMain
[2019-09-16 23:58:50.489] [exthost] [info] ExtensionService#_doActivateExtension vscode.npm {"startup":false,"activationEvent":"onLanguage:json"}
[2019-09-16 23:58:50.489] [exthost] [info] ExtensionService#loadCommonJSModule file:///usr/share/code/resources/app/extensions/npm/dist/main
[2019-09-16 23:58:50.708] [exthost] [info] ExtensionService#_doActivateExtension eg2.vscode-npm-script {"startup":false,"activationEvent":"onLanguage:json"}
[2019-09-16 23:58:50.708] [exthost] [info] ExtensionService#loadCommonJSModule file:///home/swapnil/.vscode/extensions/eg2.vscode-npm-script-0.3.9/dist/extension
[2019-09-16 23:58:50.782] [exthost] [info] ExtensionService#_doActivateExtension vscode.typescript-language-features {"startup":false,"activationEvent":"onLanguage:typescript"}
[2019-09-16 23:58:50.782] [exthost] [info] ExtensionService#loadCommonJSModule file:///usr/share/code/resources/app/extensions/typescript-language-features/dist/extension
[2019-09-16 23:58:51.042] [exthost] [info] ExtensionService#_doActivateExtension vscode.emmet {"startup":false,"activationEvent":"onLanguage:html"}
[2019-09-16 23:58:51.042] [exthost] [info] ExtensionService#loadCommonJSModule file:///usr/share/code/resources/app/extensions/emmet/dist/extension
[2019-09-16 23:58:51.134] [exthost] [info] ExtensionService#_doActivateExtension vscode.html-language-features {"startup":false,"activationEvent":"onLanguage:html"}
[2019-09-16 23:58:51.134] [exthost] [info] ExtensionService#loadCommonJSModule file:///usr/share/code/resources/app/extensions/html-language-features/client/dist/htmlMain
[2019-09-16 23:58:51.455] [exthost] [info] ExtensionService#_doActivateExtension vscode.debug-auto-launch {"startup":true,"activationEvent":"*"}
[2019-09-16 23:58:51.456] [exthost] [info] ExtensionService#loadCommonJSModule file:///usr/share/code/resources/app/extensions/debug-auto-launch/dist/extension
[2019-09-16 23:58:51.563] [exthost] [info] ExtensionService#_doActivateExtension vscode.git {"startup":true,"activationEvent":"*"}
[2019-09-16 23:58:51.563] [exthost] [info] ExtensionService#loadCommonJSModule file:///usr/share/code/resources/app/extensions/git/dist/main
[2019-09-16 23:58:51.848] [exthost] [info] ExtensionService#_doActivateExtension vscode.merge-conflict {"startup":true,"activationEvent":"*"}
[2019-09-16 23:58:51.848] [exthost] [info] ExtensionService#loadCommonJSModule file:///usr/share/code/resources/app/extensions/merge-conflict/dist/extension
[2019-09-16 23:58:51.921] [exthost] [info] ExtensionService#_doActivateExtension dbaeumer.vscode-eslint {"startup":true,"activationEvent":"*"}
[2019-09-16 23:58:51.921] [exthost] [info] ExtensionService#loadCommonJSModule file:///home/swapnil/.vscode/extensions/dbaeumer.vscode-eslint-1.9.1/client/out/extension
[2019-09-16 23:58:52.068] [exthost] [info] ExtensionService#_doActivateExtension Equinusocio.vsc-material-theme {"startup":true,"activationEvent":"*"}
[2019-09-16 23:58:52.068] [exthost] [info] ExtensionService#loadCommonJSModule file:///home/swapnil/.vscode/extensions/equinusocio.vsc-material-theme-30.0.0/out/src/material.theme.config
[2019-09-16 23:58:52.897] [exthost] [info] ExtensionService#_doActivateExtension esbenp.prettier-vscode {"startup":true,"activationEvent":"*"}
[2019-09-16 23:58:52.897] [exthost] [info] ExtensionService#loadCommonJSModule file:///home/swapnil/.vscode/extensions/esbenp.prettier-vscode-2.2.2/out/extension
[2019-09-16 23:58:56.131] [exthost] [info] ExtensionService#_doActivateExtension PKief.material-icon-theme {"startup":true,"activationEvent":"*"}
[2019-09-16 23:58:56.131] [exthost] [info] ExtensionService#loadCommonJSModule file:///home/swapnil/.vscode/extensions/pkief.material-icon-theme-3.9.0/dist/extension
[2019-09-16 23:58:57.590] [exthost] [info] ExtensionService#_doActivateExtension felixfbecker.php-intellisense {"startup":true,"activationEvent":"workspaceContains:**/*.php"}
[2019-09-16 23:58:57.590] [exthost] [info] ExtensionService#loadCommonJSModule file:///home/swapnil/.vscode/extensions/felixfbecker.php-intellisense-2.3.10/out/extension
[2019-09-16 23:58:58.590] [exthost] [info] eager extensions activated
[2019-09-17 00:02:26.046] [exthost] [info] ExtensionService#_doActivateExtension vscode.php-language-features {"startup":false,"activationEvent":"onLanguage:php"}
[2019-09-17 00:02:26.046] [exthost] [info] ExtensionService#loadCommonJSModule file:///usr/share/code/resources/app/extensions/php-language-features/dist/phpMain
[2019-09-17 00:03:16.754] [exthost] [info] ExtensionService#_doActivateExtension onecentlin.laravel-blade {"startup":false,"activationEvent":"onLanguage:blade"}
[2019-09-17 00:03:16.754] [exthost] [info] ExtensionService#loadCommonJSModule file:///home/swapnil/.vscode/extensions/onecentlin.laravel-blade-1.20.0/out/src/extension
