DEBUG     Checking PHPLS_ALLOW_XDEBUG
DEBUG     The xdebug extension is not loaded

[Info  - 8:52:27 AM] 6408 files total
[Info  - 8:52:28 AM] Indexing project for definitions and static references
Parsing file:///var/www/html/sdcProject/config/app.php
Parsing file:///var/www/html/sdcProject/config/broadcasting.php
Parsing file:///var/www/html/sdcProject/config/session.php
Parsing file:///var/www/html/sdcProject/config/queue.php
Parsing file:///var/www/html/sdcProject/config/database.php
Parsing file:///var/www/html/sdcProject/config/hashing.php
Parsing file:///var/www/html/sdcProject/config/filesystems.php
Parsing file:///var/www/html/sdcProject/config/auth.php
Parsing file:///var/www/html/sdcProject/config/mail.php
Parsing file:///var/www/html/sdcProject/config/services.php
Parsing file:///var/www/html/sdcProject/config/logging.php
Parsing file:///var/www/html/sdcProject/config/cache.php
Parsing file:///var/www/html/sdcProject/config/view.php
Parsing file:///var/www/html/sdcProject/tests/Feature/ExampleTest.php
Parsing file:///var/www/html/sdcProject/tests/CreatesApplication.php
Parsing file:///var/www/html/sdcProject/tests/TestCase.php
Parsing file:///var/www/html/sdcProject/tests/Unit/ExampleTest.php
Parsing file:///var/www/html/sdcProject/storage/framework/views/97e22cd3bea2ba32eef49fdb0d801b809d7f2cbe.php
Parsing file:///var/www/html/sdcProject/storage/framework/views/8febcd0ae09ab37ff8ae7234623f9abae3fef0e1.php
Parsing file:///var/www/html/sdcProject/storage/framework/views/abfa964f9222e4f332c234b46542b41ee7ac9253.php
Parsing file:///var/www/html/sdcProject/storage/framework/views/fc783e2460f1ea0c94b4b887706bd9e087dbce04.php
Parsing file:///var/www/html/sdcProject/storage/framework/views/aeaeacb2044b13f704728339d020c997e2f4116b.php
Parsing file:///var/www/html/sdcProject/storage/framework/views/923de647740684fa5fda1dca6b866786f526530b.php
Parsing file:///var/www/html/sdcProject/storage/framework/views/eee41832b164b18aa2459d30ab1abb271c4413e6.php
Parsing file:///var/www/html/sdcProject/database/seeds/DatabaseSeeder.php
Parsing file:///var/www/html/sdcProject/database/factories/UserFactory.php
Parsing file:///var/www/html/sdcProject/database/migrations/2014_10_12_100000_create_password_resets_table.php
Parsing file:///var/www/html/sdcProject/database/migrations/2014_10_12_000000_create_users_table.php
Parsing file:///var/www/html/sdcProject/routes/channels.php
Parsing file:///var/www/html/sdcProject/routes/web.php
Parsing file:///var/www/html/sdcProject/routes/console.php
Parsing file:///var/www/html/sdcProject/routes/api.php
Parsing file:///var/www/html/sdcProject/public/index.php
Parsing file:///var/www/html/sdcProject/resources/lang/en/validation.php
Parsing file:///var/www/html/sdcProject/resources/lang/en/passwords.php
Parsing file:///var/www/html/sdcProject/resources/lang/en/auth.php
Parsing file:///var/www/html/sdcProject/resources/lang/en/pagination.php
Parsing file:///var/www/html/sdcProject/resources/views/inc/navbar.blade.php
Parsing file:///var/www/html/sdcProject/resources/views/inc/messages.blade.php
Parsing file:///var/www/html/sdcProject/resources/views/welcome.blade.php
Parsing file:///var/www/html/sdcProject/resources/views/pages/index.blade.php
Parsing file:///var/www/html/sdcProject/resources/views/layouts/app.blade.php
Parsing file:///var/www/html/sdcProject/vendor/autoload.php
Parsing file:///var/www/html/sdcProject/vendor/composer/autoload_psr4.php
Parsing file:///var/www/html/sdcProject/vendor/composer/autoload_classmap.php
[Info  - 8:52:28 AM] Ignoring file file:///var/www/html/sdcProject/vendor/composer/autoload_classmap.php because it exceeds size limit of 150000 bytes (450387)
Parsing file:///var/www/html/sdcProject/vendor/composer/autoload_static.php
[Info  - 8:52:28 AM] Ignoring file file:///var/www/html/sdcProject/vendor/composer/autoload_static.php because it exceeds size limit of 150000 bytes (496262)
Parsing file:///var/www/html/sdcProject/vendor/composer/autoload_files.php
Parsing file:///var/www/html/sdcProject/vendor/composer/autoload_real.php
Parsing file:///var/www/html/sdcProject/vendor/composer/ClassLoader.php
Parsing file:///var/www/html/sdcProject/vendor/composer/autoload_namespaces.php
Parsing file:///var/www/html/sdcProject/server.php
Parsing file:///var/www/html/sdcProject/bootstrap/app.php
Parsing file:///var/www/html/sdcProject/bootstrap/cache/packages.php
Parsing file:///var/www/html/sdcProject/bootstrap/cache/services.php
Parsing file:///var/www/html/sdcProject/app/Http/Controllers/Auth/ResetPasswordController.php
Parsing file:///var/www/html/sdcProject/app/Http/Controllers/Auth/LoginController.php
Parsing file:///var/www/html/sdcProject/app/Http/Controllers/Auth/ForgotPasswordController.php
Parsing file:///var/www/html/sdcProject/app/Http/Controllers/Auth/RegisterController.php
Parsing file:///var/www/html/sdcProject/app/Http/Controllers/Auth/VerificationController.php
Parsing file:///var/www/html/sdcProject/app/Http/Controllers/Controller.php
Parsing file:///var/www/html/sdcProject/app/Http/Controllers/pagesController.php
Parsing file:///var/www/html/sdcProject/app/Http/Kernel.php
Parsing file:///var/www/html/sdcProject/app/Http/Middleware/TrimStrings.php
Parsing file:///var/www/html/sdcProject/app/Http/Middleware/TrustProxies.php
Parsing file:///var/www/html/sdcProject/app/Http/Middleware/EncryptCookies.php
Parsing file:///var/www/html/sdcProject/app/Http/Middleware/RedirectIfAuthenticated.php
Parsing file:///var/www/html/sdcProject/app/Http/Middleware/VerifyCsrfToken.php
Parsing file:///var/www/html/sdcProject/app/Http/Middleware/Authenticate.php
Parsing file:///var/www/html/sdcProject/app/Http/Middleware/CheckForMaintenanceMode.php
Parsing file:///var/www/html/sdcProject/app/User.php
Parsing file:///var/www/html/sdcProject/app/Providers/AuthServiceProvider.php
Parsing file:///var/www/html/sdcProject/app/Providers/AppServiceProvider.php
Parsing file:///var/www/html/sdcProject/app/Providers/EventServiceProvider.php
Parsing file:///var/www/html/sdcProject/app/Providers/BroadcastServiceProvider.php
Parsing file:///var/www/html/sdcProject/app/Providers/RouteServiceProvider.php
Parsing file:///var/www/html/sdcProject/app/Exceptions/Handler.php
Parsing file:///var/www/html/sdcProject/app/Console/Kernel.php
[Info  - 8:52:28 AM] Indexing project for dynamic references
Parsing file:///var/www/html/sdcProject/config/app.php
Parsing file:///var/www/html/sdcProject/config/broadcasting.php
Parsing file:///var/www/html/sdcProject/config/session.php
Parsing file:///var/www/html/sdcProject/config/queue.php
Parsing file:///var/www/html/sdcProject/config/database.php
Parsing file:///var/www/html/sdcProject/config/hashing.php
Parsing file:///var/www/html/sdcProject/config/filesystems.php
Parsing file:///var/www/html/sdcProject/config/auth.php
Parsing file:///var/www/html/sdcProject/config/mail.php
Parsing file:///var/www/html/sdcProject/config/services.php
Parsing file:///var/www/html/sdcProject/config/logging.php
Parsing file:///var/www/html/sdcProject/config/cache.php
Parsing file:///var/www/html/sdcProject/config/view.php
Parsing file:///var/www/html/sdcProject/tests/Feature/ExampleTest.php
Parsing file:///var/www/html/sdcProject/tests/CreatesApplication.php
Parsing file:///var/www/html/sdcProject/tests/TestCase.php
Parsing file:///var/www/html/sdcProject/tests/Unit/ExampleTest.php
Parsing file:///var/www/html/sdcProject/storage/framework/views/97e22cd3bea2ba32eef49fdb0d801b809d7f2cbe.php
Parsing file:///var/www/html/sdcProject/storage/framework/views/8febcd0ae09ab37ff8ae7234623f9abae3fef0e1.php
Parsing file:///var/www/html/sdcProject/storage/framework/views/abfa964f9222e4f332c234b46542b41ee7ac9253.php
Parsing file:///var/www/html/sdcProject/storage/framework/views/fc783e2460f1ea0c94b4b887706bd9e087dbce04.php
Parsing file:///var/www/html/sdcProject/storage/framework/views/aeaeacb2044b13f704728339d020c997e2f4116b.php
Parsing file:///var/www/html/sdcProject/storage/framework/views/923de647740684fa5fda1dca6b866786f526530b.php
Parsing file:///var/www/html/sdcProject/storage/framework/views/eee41832b164b18aa2459d30ab1abb271c4413e6.php
Parsing file:///var/www/html/sdcProject/database/seeds/DatabaseSeeder.php
Parsing file:///var/www/html/sdcProject/database/factories/UserFactory.php
Parsing file:///var/www/html/sdcProject/database/migrations/2014_10_12_100000_create_password_resets_table.php
Parsing file:///var/www/html/sdcProject/database/migrations/2014_10_12_000000_create_users_table.php
Parsing file:///var/www/html/sdcProject/routes/channels.php
Parsing file:///var/www/html/sdcProject/routes/web.php
Parsing file:///var/www/html/sdcProject/routes/console.php
Parsing file:///var/www/html/sdcProject/routes/api.php
Parsing file:///var/www/html/sdcProject/public/index.php
Parsing file:///var/www/html/sdcProject/resources/lang/en/validation.php
Parsing file:///var/www/html/sdcProject/resources/lang/en/passwords.php
Parsing file:///var/www/html/sdcProject/resources/lang/en/auth.php
Parsing file:///var/www/html/sdcProject/resources/lang/en/pagination.php
Parsing file:///var/www/html/sdcProject/resources/views/inc/navbar.blade.php
Parsing file:///var/www/html/sdcProject/resources/views/inc/messages.blade.php
Parsing file:///var/www/html/sdcProject/resources/views/welcome.blade.php
Parsing file:///var/www/html/sdcProject/resources/views/pages/index.blade.php
Parsing file:///var/www/html/sdcProject/resources/views/layouts/app.blade.php
Parsing file:///var/www/html/sdcProject/vendor/autoload.php
Parsing file:///var/www/html/sdcProject/vendor/composer/autoload_psr4.php
Parsing file:///var/www/html/sdcProject/vendor/composer/autoload_classmap.php
[Info  - 8:52:28 AM] Ignoring file file:///var/www/html/sdcProject/vendor/composer/autoload_classmap.php because it exceeds size limit of 150000 bytes (450387)
Parsing file:///var/www/html/sdcProject/vendor/composer/autoload_static.php
[Info  - 8:52:28 AM] Ignoring file file:///var/www/html/sdcProject/vendor/composer/autoload_static.php because it exceeds size limit of 150000 bytes (496262)
Parsing file:///var/www/html/sdcProject/vendor/composer/autoload_files.php
Parsing file:///var/www/html/sdcProject/vendor/composer/autoload_real.php
Parsing file:///var/www/html/sdcProject/vendor/composer/ClassLoader.php
Parsing file:///var/www/html/sdcProject/vendor/composer/autoload_namespaces.php
Parsing file:///var/www/html/sdcProject/server.php
Parsing file:///var/www/html/sdcProject/bootstrap/app.php
Parsing file:///var/www/html/sdcProject/bootstrap/cache/packages.php
Parsing file:///var/www/html/sdcProject/bootstrap/cache/services.php
Parsing file:///var/www/html/sdcProject/app/Http/Controllers/Auth/ResetPasswordController.php
Parsing file:///var/www/html/sdcProject/app/Http/Controllers/Auth/LoginController.php
Parsing file:///var/www/html/sdcProject/app/Http/Controllers/Auth/ForgotPasswordController.php
Parsing file:///var/www/html/sdcProject/app/Http/Controllers/Auth/RegisterController.php
Parsing file:///var/www/html/sdcProject/app/Http/Controllers/Auth/VerificationController.php
Parsing file:///var/www/html/sdcProject/app/Http/Controllers/Controller.php
Parsing file:///var/www/html/sdcProject/app/Http/Controllers/pagesController.php
Parsing file:///var/www/html/sdcProject/app/Http/Kernel.php
Parsing file:///var/www/html/sdcProject/app/Http/Middleware/TrimStrings.php
Parsing file:///var/www/html/sdcProject/app/Http/Middleware/TrustProxies.php
Parsing file:///var/www/html/sdcProject/app/Http/Middleware/EncryptCookies.php
Parsing file:///var/www/html/sdcProject/app/Http/Middleware/RedirectIfAuthenticated.php
Parsing file:///var/www/html/sdcProject/app/Http/Middleware/VerifyCsrfToken.php
Parsing file:///var/www/html/sdcProject/app/Http/Middleware/Authenticate.php
Parsing file:///var/www/html/sdcProject/app/Http/Middleware/CheckForMaintenanceMode.php
Parsing file:///var/www/html/sdcProject/app/User.php
Parsing file:///var/www/html/sdcProject/app/Providers/AuthServiceProvider.php
Parsing file:///var/www/html/sdcProject/app/Providers/AppServiceProvider.php
Parsing file:///var/www/html/sdcProject/app/Providers/EventServiceProvider.php
Parsing file:///var/www/html/sdcProject/app/Providers/BroadcastServiceProvider.php
Parsing file:///var/www/html/sdcProject/app/Providers/RouteServiceProvider.php
Parsing file:///var/www/html/sdcProject/app/Exceptions/Handler.php
Parsing file:///var/www/html/sdcProject/app/Console/Kernel.php
[Info  - 8:52:28 AM] 80 Packages
[Info  - 8:52:28 AM] Restored phpdocumentor/reflection-common:1.0.1 from cache
[Info  - 8:52:28 AM] Restored phpdocumentor/type-resolver:0.4.0 from cache
[Info  - 8:52:28 AM] Restored phpdocumentor/reflection-docblock:4.3.1 from cache
[Info  - 8:52:28 AM] Restored tijsverkoyen/css-to-inline-styles:2.2.1 from cache
[Info  - 8:52:28 AM] Restored fideloper/proxy:4.2.0 from cache
[Info  - 8:52:29 AM] Restored ramsey/uuid:3.8.0 from cache
[Info  - 8:52:29 AM] Restored vlucas/phpdotenv:3.4.0 from cache
[Info  - 8:52:29 AM] Restored beyondcode/laravel-dump-server:1.3.0 from cache
[Info  - 8:52:29 AM] Restored myclabs/deep-copy:1.9.3 from cache
[Info  - 8:52:29 AM] Restored filp/whoops:2.5.0 from cache
[Info  - 8:52:29 AM] Restored sebastian/comparator:3.0.2 from cache
[Info  - 8:52:29 AM] Restored sebastian/recursion-context:3.0.0 from cache
[Info  - 8:52:29 AM] Restored sebastian/global-state:2.0.0 from cache
[Info  - 8:52:29 AM] Restored sebastian/resource-operations:2.0.1 from cache
[Info  - 8:52:29 AM] Restored sebastian/code-unit-reverse-lookup:1.0.1 from cache
[Info  - 8:52:29 AM] Restored sebastian/object-enumerator:3.0.3 from cache
[Info  - 8:52:29 AM] Restored sebastian/version:2.0.1 from cache
[Info  - 8:52:29 AM] Restored sebastian/environment:4.2.2 from cache
[Info  - 8:52:29 AM] Restored sebastian/diff:3.0.2 from cache
[Info  - 8:52:29 AM] Restored sebastian/object-reflector:1.1.1 from cache
[Info  - 8:52:29 AM] Restored sebastian/exporter:3.1.1 from cache
[Info  - 8:52:29 AM] Restored fzaninotto/faker:1.8.0 from cache
[Info  - 8:52:29 AM] Restored dnoegel/php-xdg-base-dir:0.1 from cache
[Info  - 8:52:29 AM] Restored doctrine/inflector:1.3.0 from cache
[Info  - 8:52:29 AM] Restored doctrine/lexer:1.1.0 from cache
[Info  - 8:52:29 AM] Restored doctrine/instantiator:1.2.0 from cache
[Info  - 8:52:29 AM] Restored theseer/tokenizer:1.1.3 from cache
[Info  - 8:52:29 AM] Restored phpoption/phpoption:1.5.0 from cache
[Info  - 8:52:29 AM] Restored jakub-onderka/php-console-color:0.2 from cache
[Info  - 8:52:29 AM] Restored jakub-onderka/php-console-highlighter:0.4 from cache
[Info  - 8:52:29 AM] Restored paragonie/random_compat:9.99.99 from cache
[Info  - 8:52:29 AM] Restored erusev/parsedown:1.7.3 from cache
[Info  - 8:52:29 AM] Restored dragonmantank/cron-expression:2.3.0 from cache
[Info  - 8:52:29 AM] Restored egulias/email-validator:2.1.11 from cache
[Info  - 8:52:29 AM] Restored swiftmailer/swiftmailer:6.2.1 from cache
[Info  - 8:52:29 AM] Restored league/flysystem:1.0.53 from cache
[Info  - 8:52:29 AM] Restored psr/container:1.0.0 from cache
[Info  - 8:52:29 AM] Restored psr/log:1.1.0 from cache
[Info  - 8:52:30 AM] Restored psr/simple-cache:1.0.1 from cache
[Info  - 8:52:30 AM] Restored hamcrest/hamcrest-php:2.0.0 from cache
[Info  - 8:52:30 AM] Restored opis/closure:3.3.1 from cache
[Info  - 8:52:30 AM] Restored symfony/service-contracts:1.1.5 from cache
[Info  - 8:52:30 AM] Restored symfony/event-dispatcher:4.3.3 from cache
[Info  - 8:52:30 AM] Restored symfony/polyfill-mbstring:1.12.0 from cache
[Info  - 8:52:30 AM] Restored symfony/event-dispatcher-contracts:1.1.5 from cache
[Info  - 8:52:30 AM] Restored symfony/polyfill-iconv:1.12.0 from cache
[Info  - 8:52:30 AM] Restored symfony/finder:4.3.3 from cache
[Info  - 8:52:30 AM] Restored symfony/http-foundation:4.3.3 from cache
[Info  - 8:52:30 AM] Restored symfony/polyfill-php72:1.12.0 from cache
[Info  - 8:52:30 AM] Restored symfony/polyfill-intl-idn:1.12.0 from cache
[Info  - 8:52:30 AM] Restored symfony/http-kernel:4.3.3 from cache
[Info  - 8:52:30 AM] Restored symfony/process:4.3.3 from cache
[Info  - 8:52:31 AM] Restored symfony/css-selector:4.3.3 from cache
[Info  - 8:52:31 AM] Restored symfony/debug:4.3.3 from cache
[Info  - 8:52:31 AM] Restored symfony/polyfill-ctype:1.12.0 from cache
[Info  - 8:52:31 AM] Restored symfony/mime:4.3.3 from cache
[Info  - 8:52:31 AM] Restored symfony/routing:4.3.3 from cache
[Info  - 8:52:31 AM] Restored symfony/var-dumper:4.3.3 from cache
[Info  - 8:52:31 AM] Restored symfony/translation-contracts:1.1.5 from cache
[Info  - 8:52:31 AM] Restored symfony/polyfill-php73:1.12.0 from cache
[Info  - 8:52:31 AM] Restored symfony/translation:4.3.3 from cache
[Info  - 8:52:31 AM] Restored symfony/console:4.3.3 from cache
[Info  - 8:52:31 AM] Restored nunomaduro/collision:3.0.1 from cache
[Info  - 8:52:31 AM] Restored phpunit/php-code-coverage:6.1.4 from cache
[Info  - 8:52:31 AM] Restored phpunit/php-token-stream:3.1.0 from cache
[Info  - 8:52:32 AM] Restored phpunit/php-text-template:1.2.1 from cache
[Info  - 8:52:32 AM] Restored phpunit/phpunit:7.5.14 from cache
[Info  - 8:52:32 AM] Restored phpunit/php-file-iterator:2.0.2 from cache
[Info  - 8:52:32 AM] Restored phpunit/php-timer:2.1.2 from cache
[Info  - 8:52:33 AM] Restored mockery/mockery:1.2.3 from cache
[Info  - 8:52:33 AM] Restored monolog/monolog:1.24.0 from cache
[Info  - 8:52:33 AM] Restored psy/psysh:0.9.9 from cache
[Info  - 8:52:33 AM] Restored webmozart/assert:1.4.0 from cache
[Info  - 8:52:34 AM] Restored nesbot/carbon:2.22.3 from cache
[Info  - 8:52:34 AM] Restored laravel/framework:5.8.32 from cache
[Info  - 8:52:34 AM] Restored laravel/tinker:1.0.10 from cache
[Info  - 8:52:34 AM] Restored phpspec/prophecy:1.8.1 from cache
[Info  - 8:52:34 AM] Restored phar-io/manifest:1.0.3 from cache
[Info  - 8:52:35 AM] Restored phar-io/version:2.0.1 from cache
[Info  - 8:52:35 AM] Restored nikic/php-parser:4.2.3 from cache
[Info  - 8:52:35 AM] All 6408 PHP files parsed in 7 seconds. 424 MiB allocated.
