[2019-09-04 21:52:11.540] [exthost] [info] extension host started
[2019-09-04 21:52:11.570] [exthost] [info] ExtensionService#_doActivateExtension vscode.php-language-features {"startup":false,"activationEvent":"onLanguage:php"}
[2019-09-04 21:52:11.570] [exthost] [info] ExtensionService#loadCommonJSModule /usr/share/code/resources/app/extensions/php-language-features/dist/phpMain
[2019-09-04 21:52:11.841] [exthost] [info] ExtensionService#_doActivateExtension felixfbecker.php-intellisense {"startup":false,"activationEvent":"onLanguage:php"}
[2019-09-04 21:52:11.841] [exthost] [info] ExtensionService#loadCommonJSModule /home/swapnil/.vscode/extensions/felixfbecker.php-intellisense-2.3.10/out/extension
[2019-09-04 21:52:17.440] [exthost] [info] ExtensionService#_doActivateExtension vscode.debug-auto-launch {"startup":true,"activationEvent":"*"}
[2019-09-04 21:52:17.447] [exthost] [info] ExtensionService#loadCommonJSModule /usr/share/code/resources/app/extensions/debug-auto-launch/dist/extension
[2019-09-04 21:52:17.586] [exthost] [info] ExtensionService#_doActivateExtension vscode.emmet {"startup":true,"activationEvent":"*"}
[2019-09-04 21:52:17.586] [exthost] [info] ExtensionService#loadCommonJSModule /usr/share/code/resources/app/extensions/emmet/dist/extension
[2019-09-04 21:52:17.795] [exthost] [info] ExtensionService#_doActivateExtension vscode.git {"startup":true,"activationEvent":"*"}
[2019-09-04 21:52:17.795] [exthost] [info] ExtensionService#loadCommonJSModule /usr/share/code/resources/app/extensions/git/dist/main
[2019-09-04 21:52:18.139] [exthost] [info] ExtensionService#_doActivateExtension vscode.merge-conflict {"startup":true,"activationEvent":"*"}
[2019-09-04 21:52:18.139] [exthost] [info] ExtensionService#loadCommonJSModule /usr/share/code/resources/app/extensions/merge-conflict/dist/extension
[2019-09-04 21:52:18.347] [exthost] [info] ExtensionService#_doActivateExtension dbaeumer.vscode-eslint {"startup":true,"activationEvent":"*"}
[2019-09-04 21:52:18.347] [exthost] [info] ExtensionService#loadCommonJSModule /home/swapnil/.vscode/extensions/dbaeumer.vscode-eslint-1.9.1/client/out/extension
[2019-09-04 21:52:18.833] [exthost] [info] ExtensionService#_doActivateExtension Equinusocio.vsc-material-theme {"startup":true,"activationEvent":"*"}
[2019-09-04 21:52:18.833] [exthost] [info] ExtensionService#loadCommonJSModule /home/swapnil/.vscode/extensions/equinusocio.vsc-material-theme-30.0.0/out/src/material.theme.config
[2019-09-04 21:52:19.516] [exthost] [info] ExtensionService#_doActivateExtension esbenp.prettier-vscode {"startup":true,"activationEvent":"*"}
[2019-09-04 21:52:19.516] [exthost] [info] ExtensionService#loadCommonJSModule /home/swapnil/.vscode/extensions/esbenp.prettier-vscode-2.2.2/out/extension
[2019-09-04 21:52:21.063] [exthost] [info] ExtensionService#_doActivateExtension PKief.material-icon-theme {"startup":true,"activationEvent":"*"}
[2019-09-04 21:52:21.063] [exthost] [info] ExtensionService#loadCommonJSModule /home/swapnil/.vscode/extensions/pkief.material-icon-theme-3.9.0/dist/extension
[2019-09-04 21:52:21.087] [exthost] [info] ExtensionService#_doActivateExtension ritwickdey.LiveServer {"startup":true,"activationEvent":"*"}
[2019-09-04 21:52:21.087] [exthost] [info] ExtensionService#loadCommonJSModule /home/swapnil/.vscode/extensions/ritwickdey.liveserver-5.6.1/out/src/extension
[2019-09-04 21:52:23.432] [exthost] [info] ExtensionService#_doActivateExtension vscode.npm {"startup":true,"activationEvent":"workspaceContains:package.json"}
[2019-09-04 21:52:23.432] [exthost] [info] ExtensionService#loadCommonJSModule /usr/share/code/resources/app/extensions/npm/dist/main
[2019-09-04 21:52:25.549] [exthost] [info] eager extensions activated
[2019-09-04 23:17:00.000] [exthost] [info] ExtensionService#_doActivateExtension onecentlin.laravel-blade {"startup":false,"activationEvent":"onLanguage:blade"}
[2019-09-04 23:17:00.002] [exthost] [info] ExtensionService#loadCommonJSModule /home/swapnil/.vscode/extensions/onecentlin.laravel-blade-1.20.0/out/src/extension
[2019-09-04 23:26:31.683] [exthost] [info] ExtensionService#_doActivateExtension vscode.html-language-features {"startup":false,"activationEvent":"onLanguage:html"}
[2019-09-04 23:26:31.683] [exthost] [info] ExtensionService#loadCommonJSModule /usr/share/code/resources/app/extensions/html-language-features/client/dist/htmlMain
