[2019-10-20 10:50:44.146] [exthost] [info] extension host started
[2019-10-20 10:50:44.173] [exthost] [info] ExtensionService#_doActivateExtension vscode.debug-auto-launch {"startup":true,"activationEvent":"*"}
[2019-10-20 10:50:44.173] [exthost] [info] ExtensionService#loadCommonJSModule file:///usr/share/code/resources/app/extensions/debug-auto-launch/dist/extension
[2019-10-20 10:50:44.181] [exthost] [info] ExtensionService#_doActivateExtension vscode.emmet {"startup":true,"activationEvent":"*"}
[2019-10-20 10:50:44.182] [exthost] [info] ExtensionService#loadCommonJSModule file:///usr/share/code/resources/app/extensions/emmet/dist/extension
[2019-10-20 10:50:44.305] [exthost] [info] ExtensionService#_doActivateExtension vscode.git {"startup":true,"activationEvent":"*"}
[2019-10-20 10:50:44.306] [exthost] [info] ExtensionService#loadCommonJSModule file:///usr/share/code/resources/app/extensions/git/dist/main
[2019-10-20 10:50:44.591] [exthost] [info] ExtensionService#_doActivateExtension vscode.merge-conflict {"startup":true,"activationEvent":"*"}
[2019-10-20 10:50:44.592] [exthost] [info] ExtensionService#loadCommonJSModule file:///usr/share/code/resources/app/extensions/merge-conflict/dist/extension
[2019-10-20 10:50:44.621] [exthost] [info] ExtensionService#_doActivateExtension dbaeumer.vscode-eslint {"startup":true,"activationEvent":"*"}
[2019-10-20 10:50:44.621] [exthost] [info] ExtensionService#loadCommonJSModule file:///home/swapnil/.vscode/extensions/dbaeumer.vscode-eslint-1.9.1/client/out/extension
[2019-10-20 10:50:44.742] [exthost] [info] ExtensionService#_doActivateExtension Equinusocio.vsc-material-theme {"startup":true,"activationEvent":"*"}
[2019-10-20 10:50:44.742] [exthost] [info] ExtensionService#loadCommonJSModule file:///home/swapnil/.vscode/extensions/equinusocio.vsc-material-theme-30.0.0/out/src/material.theme.config
[2019-10-20 10:50:44.788] [exthost] [info] ExtensionService#_doActivateExtension esbenp.prettier-vscode {"startup":true,"activationEvent":"*"}
[2019-10-20 10:50:44.788] [exthost] [info] ExtensionService#loadCommonJSModule file:///home/swapnil/.vscode/extensions/esbenp.prettier-vscode-2.3.0/out/extension
[2019-10-20 10:50:45.577] [exthost] [info] ExtensionService#_doActivateExtension PKief.material-icon-theme {"startup":true,"activationEvent":"*"}
[2019-10-20 10:50:45.577] [exthost] [info] ExtensionService#loadCommonJSModule file:///home/swapnil/.vscode/extensions/pkief.material-icon-theme-3.9.1/dist/extension
[2019-10-20 10:50:45.645] [exthost] [info] ExtensionService#_doActivateExtension ritwickdey.LiveServer {"startup":true,"activationEvent":"*"}
[2019-10-20 10:50:45.645] [exthost] [info] ExtensionService#loadCommonJSModule file:///home/swapnil/.vscode/extensions/ritwickdey.liveserver-5.6.1/out/src/extension
[2019-10-20 10:50:48.666] [exthost] [info] eager extensions activated
[2019-10-20 10:51:00.660] [exthost] [info] extension host started
[2019-10-20 10:51:00.791] [exthost] [info] ExtensionService#_doActivateExtension vscode.typescript-language-features {"startup":false,"activationEvent":"onLanguage:javascript"}
[2019-10-20 10:51:00.793] [exthost] [info] ExtensionService#loadCommonJSModule file:///usr/share/code/resources/app/extensions/typescript-language-features/dist/extension
[2019-10-20 10:51:01.078] [exthost] [info] ExtensionService#_doActivateExtension vscode.debug-auto-launch {"startup":true,"activationEvent":"*"}
[2019-10-20 10:51:01.080] [exthost] [info] ExtensionService#loadCommonJSModule file:///usr/share/code/resources/app/extensions/debug-auto-launch/dist/extension
[2019-10-20 10:51:01.095] [exthost] [info] ExtensionService#_doActivateExtension vscode.emmet {"startup":true,"activationEvent":"*"}
[2019-10-20 10:51:01.095] [exthost] [info] ExtensionService#loadCommonJSModule file:///usr/share/code/resources/app/extensions/emmet/dist/extension
[2019-10-20 10:51:01.251] [exthost] [info] ExtensionService#_doActivateExtension vscode.git {"startup":true,"activationEvent":"*"}
[2019-10-20 10:51:01.254] [exthost] [info] ExtensionService#loadCommonJSModule file:///usr/share/code/resources/app/extensions/git/dist/main
[2019-10-20 10:51:01.482] [exthost] [info] ExtensionService#_doActivateExtension vscode.merge-conflict {"startup":true,"activationEvent":"*"}
[2019-10-20 10:51:01.482] [exthost] [info] ExtensionService#loadCommonJSModule file:///usr/share/code/resources/app/extensions/merge-conflict/dist/extension
[2019-10-20 10:51:01.497] [exthost] [info] ExtensionService#_doActivateExtension dbaeumer.vscode-eslint {"startup":true,"activationEvent":"*"}
[2019-10-20 10:51:01.497] [exthost] [info] ExtensionService#loadCommonJSModule file:///home/swapnil/.vscode/extensions/dbaeumer.vscode-eslint-1.9.1/client/out/extension
[2019-10-20 10:51:01.579] [exthost] [info] ExtensionService#_doActivateExtension Equinusocio.vsc-material-theme {"startup":true,"activationEvent":"*"}
[2019-10-20 10:51:01.579] [exthost] [info] ExtensionService#loadCommonJSModule file:///home/swapnil/.vscode/extensions/equinusocio.vsc-material-theme-30.0.0/out/src/material.theme.config
[2019-10-20 10:51:01.598] [exthost] [info] ExtensionService#_doActivateExtension esbenp.prettier-vscode {"startup":true,"activationEvent":"*"}
[2019-10-20 10:51:01.598] [exthost] [info] ExtensionService#loadCommonJSModule file:///home/swapnil/.vscode/extensions/esbenp.prettier-vscode-2.3.0/out/extension
[2019-10-20 10:51:02.486] [exthost] [info] ExtensionService#_doActivateExtension PKief.material-icon-theme {"startup":true,"activationEvent":"*"}
[2019-10-20 10:51:02.487] [exthost] [info] ExtensionService#loadCommonJSModule file:///home/swapnil/.vscode/extensions/pkief.material-icon-theme-3.9.1/dist/extension
[2019-10-20 10:51:02.529] [exthost] [info] ExtensionService#_doActivateExtension ritwickdey.LiveServer {"startup":true,"activationEvent":"*"}
[2019-10-20 10:51:02.529] [exthost] [info] ExtensionService#loadCommonJSModule file:///home/swapnil/.vscode/extensions/ritwickdey.liveserver-5.6.1/out/src/extension
[2019-10-20 10:51:06.351] [exthost] [info] ExtensionService#_doActivateExtension vscode.npm {"startup":true,"activationEvent":"workspaceContains:package.json"}
[2019-10-20 10:51:06.351] [exthost] [info] ExtensionService#loadCommonJSModule file:///usr/share/code/resources/app/extensions/npm/dist/main
[2019-10-20 10:51:07.970] [exthost] [info] eager extensions activated
