[Info  - 9:53:18 AM] ESLint server stopped.
[Info  - 9:53:19 AM] ESLint server running in node v10.11.0
[Info  - 9:53:19 AM] ESLint server is running.
[Info  - 9:53:21 AM] 
Failed to load the ESLint library for the document /home/swapnil/Desktop/Server-CC/controllers/profiles/feedProfile/index.js

To use ESLint please install eslint by running npm install eslint in the workspace folder Server-CC
or globally using 'npm install -g eslint'. You need to reopen the workspace after installing eslint.

If you are using yarn or pnpm instead of npm set the setting `eslint.packageManager` to either `yarn` or `pnpm`
Alternatively you can disable ESLint for the workspace folder Server-CC by executing the 'Disable ESLint' command.
[Info  - 9:53:30 AM] 
Failed to load the ESLint library for the document /home/swapnil/Desktop/Server-CC/controllers/profiles/findProfile/index.js

To use ESLint please install eslint by running npm install eslint in the workspace folder Server-CC
or globally using 'npm install -g eslint'. You need to reopen the workspace after installing eslint.

If you are using yarn or pnpm instead of npm set the setting `eslint.packageManager` to either `yarn` or `pnpm`
Alternatively you can disable ESLint for the workspace folder Server-CC by executing the 'Disable ESLint' command.
[Info  - 9:56:07 AM] 
Failed to load the ESLint library for the document /home/swapnil/Desktop/Server-CC/models/Company.js

To use ESLint please install eslint by running npm install eslint in the workspace folder Server-CC
or globally using 'npm install -g eslint'. You need to reopen the workspace after installing eslint.

If you are using yarn or pnpm instead of npm set the setting `eslint.packageManager` to either `yarn` or `pnpm`
Alternatively you can disable ESLint for the workspace folder Server-CC by executing the 'Disable ESLint' command.
[Info  - 10:01:20 AM] 
Failed to load the ESLint library for the document /home/swapnil/Desktop/Server-CC/routes/profile/index.js

To use ESLint please install eslint by running npm install eslint in the workspace folder Server-CC
or globally using 'npm install -g eslint'. You need to reopen the workspace after installing eslint.

If you are using yarn or pnpm instead of npm set the setting `eslint.packageManager` to either `yarn` or `pnpm`
Alternatively you can disable ESLint for the workspace folder Server-CC by executing the 'Disable ESLint' command.
[Info  - 10:34:33 AM] ESLint server stopped.
