DEBUG     Checking PHPLS_ALLOW_XDEBUG
DEBUG     The xdebug extension is not loaded

[Info  - 1:40:53 PM] 6399 files total
[Info  - 1:40:53 PM] Indexing project for definitions and static references
Parsing file:///var/www/html/sdcProject/config/app.php
Parsing file:///var/www/html/sdcProject/config/broadcasting.php
Parsing file:///var/www/html/sdcProject/config/session.php
Parsing file:///var/www/html/sdcProject/config/queue.php
Parsing file:///var/www/html/sdcProject/config/database.php
Parsing file:///var/www/html/sdcProject/config/hashing.php
Parsing file:///var/www/html/sdcProject/config/filesystems.php
Parsing file:///var/www/html/sdcProject/config/auth.php
Parsing file:///var/www/html/sdcProject/config/mail.php
Parsing file:///var/www/html/sdcProject/config/services.php
Parsing file:///var/www/html/sdcProject/config/logging.php
Parsing file:///var/www/html/sdcProject/config/cache.php
Parsing file:///var/www/html/sdcProject/config/view.php
Parsing file:///var/www/html/sdcProject/tests/Feature/ExampleTest.php
Parsing file:///var/www/html/sdcProject/tests/CreatesApplication.php
Parsing file:///var/www/html/sdcProject/tests/TestCase.php
Parsing file:///var/www/html/sdcProject/tests/Unit/ExampleTest.php
Parsing file:///var/www/html/sdcProject/storage/framework/views/8febcd0ae09ab37ff8ae7234623f9abae3fef0e1.php
Parsing file:///var/www/html/sdcProject/database/seeds/DatabaseSeeder.php
Parsing file:///var/www/html/sdcProject/database/factories/UserFactory.php
Parsing file:///var/www/html/sdcProject/database/migrations/2014_10_12_100000_create_password_resets_table.php
Parsing file:///var/www/html/sdcProject/database/migrations/2014_10_12_000000_create_users_table.php
Parsing file:///var/www/html/sdcProject/routes/channels.php
Parsing file:///var/www/html/sdcProject/routes/web.php
Parsing file:///var/www/html/sdcProject/routes/console.php
Parsing file:///var/www/html/sdcProject/routes/api.php
Parsing file:///var/www/html/sdcProject/public/index.php
Parsing file:///var/www/html/sdcProject/resources/lang/en/validation.php
Parsing file:///var/www/html/sdcProject/resources/lang/en/passwords.php
Parsing file:///var/www/html/sdcProject/resources/lang/en/auth.php
Parsing file:///var/www/html/sdcProject/resources/lang/en/pagination.php
Parsing file:///var/www/html/sdcProject/resources/views/welcome.blade.php
Parsing file:///var/www/html/sdcProject/resources/views/pages/index.blade.php
Parsing file:///var/www/html/sdcProject/vendor/autoload.php
Parsing file:///var/www/html/sdcProject/vendor/composer/autoload_psr4.php
Parsing file:///var/www/html/sdcProject/vendor/composer/autoload_classmap.php
[Info  - 1:40:53 PM] Ignoring file file:///var/www/html/sdcProject/vendor/composer/autoload_classmap.php because it exceeds size limit of 150000 bytes (450387)
Parsing file:///var/www/html/sdcProject/vendor/composer/autoload_static.php
[Info  - 1:40:53 PM] Ignoring file file:///var/www/html/sdcProject/vendor/composer/autoload_static.php because it exceeds size limit of 150000 bytes (496262)
Parsing file:///var/www/html/sdcProject/vendor/composer/autoload_files.php
Parsing file:///var/www/html/sdcProject/vendor/composer/autoload_real.php
Parsing file:///var/www/html/sdcProject/vendor/composer/ClassLoader.php
Parsing file:///var/www/html/sdcProject/vendor/composer/autoload_namespaces.php
Parsing file:///var/www/html/sdcProject/server.php
Parsing file:///var/www/html/sdcProject/bootstrap/app.php
Parsing file:///var/www/html/sdcProject/bootstrap/cache/packages.php
Parsing file:///var/www/html/sdcProject/bootstrap/cache/services.php
Parsing file:///var/www/html/sdcProject/app/Http/Controllers/Auth/ResetPasswordController.php
Parsing file:///var/www/html/sdcProject/app/Http/Controllers/Auth/LoginController.php
Parsing file:///var/www/html/sdcProject/app/Http/Controllers/Auth/ForgotPasswordController.php
Parsing file:///var/www/html/sdcProject/app/Http/Controllers/Auth/RegisterController.php
Parsing file:///var/www/html/sdcProject/app/Http/Controllers/Auth/VerificationController.php
Parsing file:///var/www/html/sdcProject/app/Http/Controllers/Controller.php
Parsing file:///var/www/html/sdcProject/app/Http/Controllers/pagesController.php
Parsing file:///var/www/html/sdcProject/app/Http/Kernel.php
Parsing file:///var/www/html/sdcProject/app/Http/Middleware/TrimStrings.php
Parsing file:///var/www/html/sdcProject/app/Http/Middleware/TrustProxies.php
Parsing file:///var/www/html/sdcProject/app/Http/Middleware/EncryptCookies.php
Parsing file:///var/www/html/sdcProject/app/Http/Middleware/RedirectIfAuthenticated.php
Parsing file:///var/www/html/sdcProject/app/Http/Middleware/VerifyCsrfToken.php
Parsing file:///var/www/html/sdcProject/app/Http/Middleware/Authenticate.php
Parsing file:///var/www/html/sdcProject/app/Http/Middleware/CheckForMaintenanceMode.php
Parsing file:///var/www/html/sdcProject/app/User.php
Parsing file:///var/www/html/sdcProject/app/Providers/AuthServiceProvider.php
Parsing file:///var/www/html/sdcProject/app/Providers/AppServiceProvider.php
Parsing file:///var/www/html/sdcProject/app/Providers/EventServiceProvider.php
Parsing file:///var/www/html/sdcProject/app/Providers/BroadcastServiceProvider.php
Parsing file:///var/www/html/sdcProject/app/Providers/RouteServiceProvider.php
Parsing file:///var/www/html/sdcProject/app/Exceptions/Handler.php
Parsing file:///var/www/html/sdcProject/app/Console/Kernel.php
[Info  - 1:40:54 PM] Indexing project for dynamic references
Parsing file:///var/www/html/sdcProject/config/app.php
Parsing file:///var/www/html/sdcProject/config/broadcasting.php
Parsing file:///var/www/html/sdcProject/config/session.php
Parsing file:///var/www/html/sdcProject/config/queue.php
Parsing file:///var/www/html/sdcProject/config/database.php
Parsing file:///var/www/html/sdcProject/config/hashing.php
Parsing file:///var/www/html/sdcProject/config/filesystems.php
Parsing file:///var/www/html/sdcProject/config/auth.php
Parsing file:///var/www/html/sdcProject/config/mail.php
Parsing file:///var/www/html/sdcProject/config/services.php
Parsing file:///var/www/html/sdcProject/config/logging.php
Parsing file:///var/www/html/sdcProject/config/cache.php
Parsing file:///var/www/html/sdcProject/config/view.php
Parsing file:///var/www/html/sdcProject/tests/Feature/ExampleTest.php
Parsing file:///var/www/html/sdcProject/tests/CreatesApplication.php
Parsing file:///var/www/html/sdcProject/tests/TestCase.php
Parsing file:///var/www/html/sdcProject/tests/Unit/ExampleTest.php
Parsing file:///var/www/html/sdcProject/storage/framework/views/8febcd0ae09ab37ff8ae7234623f9abae3fef0e1.php
Parsing file:///var/www/html/sdcProject/database/seeds/DatabaseSeeder.php
Parsing file:///var/www/html/sdcProject/database/factories/UserFactory.php
Parsing file:///var/www/html/sdcProject/database/migrations/2014_10_12_100000_create_password_resets_table.php
Parsing file:///var/www/html/sdcProject/database/migrations/2014_10_12_000000_create_users_table.php
Parsing file:///var/www/html/sdcProject/routes/channels.php
Parsing file:///var/www/html/sdcProject/routes/web.php
Parsing file:///var/www/html/sdcProject/routes/console.php
Parsing file:///var/www/html/sdcProject/routes/api.php
Parsing file:///var/www/html/sdcProject/public/index.php
Parsing file:///var/www/html/sdcProject/resources/lang/en/validation.php
Parsing file:///var/www/html/sdcProject/resources/lang/en/passwords.php
Parsing file:///var/www/html/sdcProject/resources/lang/en/auth.php
Parsing file:///var/www/html/sdcProject/resources/lang/en/pagination.php
Parsing file:///var/www/html/sdcProject/resources/views/welcome.blade.php
Parsing file:///var/www/html/sdcProject/resources/views/pages/index.blade.php
Parsing file:///var/www/html/sdcProject/vendor/autoload.php
Parsing file:///var/www/html/sdcProject/vendor/composer/autoload_psr4.php
Parsing file:///var/www/html/sdcProject/vendor/composer/autoload_classmap.php
[Info  - 1:40:54 PM] Ignoring file file:///var/www/html/sdcProject/vendor/composer/autoload_classmap.php because it exceeds size limit of 150000 bytes (450387)
Parsing file:///var/www/html/sdcProject/vendor/composer/autoload_static.php
[Info  - 1:40:54 PM] Ignoring file file:///var/www/html/sdcProject/vendor/composer/autoload_static.php because it exceeds size limit of 150000 bytes (496262)
Parsing file:///var/www/html/sdcProject/vendor/composer/autoload_files.php
Parsing file:///var/www/html/sdcProject/vendor/composer/autoload_real.php
Parsing file:///var/www/html/sdcProject/vendor/composer/ClassLoader.php
Parsing file:///var/www/html/sdcProject/vendor/composer/autoload_namespaces.php
Parsing file:///var/www/html/sdcProject/server.php
Parsing file:///var/www/html/sdcProject/bootstrap/app.php
Parsing file:///var/www/html/sdcProject/bootstrap/cache/packages.php
Parsing file:///var/www/html/sdcProject/bootstrap/cache/services.php
Parsing file:///var/www/html/sdcProject/app/Http/Controllers/Auth/ResetPasswordController.php
Parsing file:///var/www/html/sdcProject/app/Http/Controllers/Auth/LoginController.php
Parsing file:///var/www/html/sdcProject/app/Http/Controllers/Auth/ForgotPasswordController.php
Parsing file:///var/www/html/sdcProject/app/Http/Controllers/Auth/RegisterController.php
Parsing file:///var/www/html/sdcProject/app/Http/Controllers/Auth/VerificationController.php
Parsing file:///var/www/html/sdcProject/app/Http/Controllers/Controller.php
Parsing file:///var/www/html/sdcProject/app/Http/Controllers/pagesController.php
Parsing file:///var/www/html/sdcProject/app/Http/Kernel.php
Parsing file:///var/www/html/sdcProject/app/Http/Middleware/TrimStrings.php
Parsing file:///var/www/html/sdcProject/app/Http/Middleware/TrustProxies.php
Parsing file:///var/www/html/sdcProject/app/Http/Middleware/EncryptCookies.php
Parsing file:///var/www/html/sdcProject/app/Http/Middleware/RedirectIfAuthenticated.php
Parsing file:///var/www/html/sdcProject/app/Http/Middleware/VerifyCsrfToken.php
Parsing file:///var/www/html/sdcProject/app/Http/Middleware/Authenticate.php
Parsing file:///var/www/html/sdcProject/app/Http/Middleware/CheckForMaintenanceMode.php
Parsing file:///var/www/html/sdcProject/app/User.php
Parsing file:///var/www/html/sdcProject/app/Providers/AuthServiceProvider.php
Parsing file:///var/www/html/sdcProject/app/Providers/AppServiceProvider.php
Parsing file:///var/www/html/sdcProject/app/Providers/EventServiceProvider.php
Parsing file:///var/www/html/sdcProject/app/Providers/BroadcastServiceProvider.php
Parsing file:///var/www/html/sdcProject/app/Providers/RouteServiceProvider.php
Parsing file:///var/www/html/sdcProject/app/Exceptions/Handler.php
Parsing file:///var/www/html/sdcProject/app/Console/Kernel.php
[Info  - 1:40:54 PM] 80 Packages
[Info  - 1:40:54 PM] Restored phpdocumentor/reflection-common:1.0.1 from cache
[Info  - 1:40:54 PM] Restored phpdocumentor/type-resolver:0.4.0 from cache
[Info  - 1:40:54 PM] Restored phpdocumentor/reflection-docblock:4.3.1 from cache
[Info  - 1:40:54 PM] Restored tijsverkoyen/css-to-inline-styles:2.2.1 from cache
[Info  - 1:40:54 PM] Restored fideloper/proxy:4.2.0 from cache
[Info  - 1:40:54 PM] Restored ramsey/uuid:3.8.0 from cache
[Info  - 1:40:54 PM] Restored vlucas/phpdotenv:3.4.0 from cache
[Info  - 1:40:54 PM] Restored beyondcode/laravel-dump-server:1.3.0 from cache
[Info  - 1:40:54 PM] Restored myclabs/deep-copy:1.9.3 from cache
[Info  - 1:40:54 PM] Restored filp/whoops:2.5.0 from cache
[Info  - 1:40:54 PM] Restored sebastian/comparator:3.0.2 from cache
[Info  - 1:40:54 PM] Restored sebastian/recursion-context:3.0.0 from cache
[Info  - 1:40:54 PM] Restored sebastian/global-state:2.0.0 from cache
[Info  - 1:40:54 PM] Restored sebastian/resource-operations:2.0.1 from cache
[Info  - 1:40:54 PM] Restored sebastian/code-unit-reverse-lookup:1.0.1 from cache
[Info  - 1:40:54 PM] Restored sebastian/object-enumerator:3.0.3 from cache
[Info  - 1:40:54 PM] Restored sebastian/version:2.0.1 from cache
[Info  - 1:40:54 PM] Restored sebastian/environment:4.2.2 from cache
[Info  - 1:40:54 PM] Restored sebastian/diff:3.0.2 from cache
[Info  - 1:40:54 PM] Restored sebastian/object-reflector:1.1.1 from cache
[Info  - 1:40:54 PM] Restored sebastian/exporter:3.1.1 from cache
[Info  - 1:40:54 PM] Restored fzaninotto/faker:1.8.0 from cache
[Info  - 1:40:54 PM] Restored dnoegel/php-xdg-base-dir:0.1 from cache
[Info  - 1:40:54 PM] Restored doctrine/inflector:1.3.0 from cache
[Info  - 1:40:54 PM] Restored doctrine/lexer:1.1.0 from cache
[Info  - 1:40:54 PM] Restored doctrine/instantiator:1.2.0 from cache
[Info  - 1:40:54 PM] Restored theseer/tokenizer:1.1.3 from cache
[Info  - 1:40:54 PM] Restored phpoption/phpoption:1.5.0 from cache
[Info  - 1:40:54 PM] Restored jakub-onderka/php-console-color:0.2 from cache
[Info  - 1:40:54 PM] Restored jakub-onderka/php-console-highlighter:0.4 from cache
[Info  - 1:40:54 PM] Restored paragonie/random_compat:9.99.99 from cache
[Info  - 1:40:54 PM] Restored erusev/parsedown:1.7.3 from cache
[Info  - 1:40:54 PM] Restored dragonmantank/cron-expression:2.3.0 from cache
[Info  - 1:40:54 PM] Restored egulias/email-validator:2.1.11 from cache
[Info  - 1:40:54 PM] Restored swiftmailer/swiftmailer:6.2.1 from cache
[Info  - 1:40:54 PM] Restored league/flysystem:1.0.53 from cache
[Info  - 1:40:54 PM] Restored psr/container:1.0.0 from cache
[Info  - 1:40:54 PM] Restored psr/log:1.1.0 from cache
[Info  - 1:40:54 PM] Restored psr/simple-cache:1.0.1 from cache
[Info  - 1:40:54 PM] Restored hamcrest/hamcrest-php:2.0.0 from cache
[Info  - 1:40:54 PM] Restored opis/closure:3.3.1 from cache
[Info  - 1:40:54 PM] Restored symfony/service-contracts:1.1.5 from cache
[Info  - 1:40:54 PM] Restored symfony/event-dispatcher:4.3.3 from cache
[Info  - 1:40:54 PM] Restored symfony/polyfill-mbstring:1.12.0 from cache
[Info  - 1:40:54 PM] Restored symfony/event-dispatcher-contracts:1.1.5 from cache
[Info  - 1:40:54 PM] Restored symfony/polyfill-iconv:1.12.0 from cache
[Info  - 1:40:54 PM] Restored symfony/finder:4.3.3 from cache
[Info  - 1:40:54 PM] Restored symfony/http-foundation:4.3.3 from cache
[Info  - 1:40:54 PM] Restored symfony/polyfill-php72:1.12.0 from cache
[Info  - 1:40:55 PM] Restored symfony/polyfill-intl-idn:1.12.0 from cache
[Info  - 1:40:55 PM] Restored symfony/http-kernel:4.3.3 from cache
[Info  - 1:40:55 PM] Restored symfony/process:4.3.3 from cache
[Info  - 1:40:55 PM] Restored symfony/css-selector:4.3.3 from cache
[Info  - 1:40:55 PM] Restored symfony/debug:4.3.3 from cache
[Info  - 1:40:55 PM] Restored symfony/polyfill-ctype:1.12.0 from cache
[Info  - 1:40:55 PM] Restored symfony/mime:4.3.3 from cache
[Info  - 1:40:55 PM] Restored symfony/routing:4.3.3 from cache
[Info  - 1:40:55 PM] Restored symfony/var-dumper:4.3.3 from cache
[Info  - 1:40:55 PM] Restored symfony/translation-contracts:1.1.5 from cache
[Info  - 1:40:55 PM] Restored symfony/polyfill-php73:1.12.0 from cache
[Info  - 1:40:55 PM] Restored symfony/translation:4.3.3 from cache
[Info  - 1:40:55 PM] Restored symfony/console:4.3.3 from cache
[Info  - 1:40:55 PM] Restored nunomaduro/collision:3.0.1 from cache
[Info  - 1:40:55 PM] Restored phpunit/php-code-coverage:6.1.4 from cache
[Info  - 1:40:55 PM] Restored phpunit/php-token-stream:3.1.0 from cache
[Info  - 1:40:56 PM] Restored phpunit/php-text-template:1.2.1 from cache
[Info  - 1:40:56 PM] Restored phpunit/phpunit:7.5.14 from cache
[Info  - 1:40:56 PM] Restored phpunit/php-file-iterator:2.0.2 from cache
[Info  - 1:40:56 PM] Restored phpunit/php-timer:2.1.2 from cache
[Info  - 1:40:56 PM] Restored mockery/mockery:1.2.3 from cache
[Info  - 1:40:56 PM] Restored monolog/monolog:1.24.0 from cache
[Info  - 1:40:56 PM] Restored psy/psysh:0.9.9 from cache
[Info  - 1:40:56 PM] Restored webmozart/assert:1.4.0 from cache
[Info  - 1:40:56 PM] Restored nesbot/carbon:2.22.3 from cache
[Info  - 1:40:56 PM] Restored laravel/framework:5.8.32 from cache
[Info  - 1:40:56 PM] Restored laravel/tinker:1.0.10 from cache
[Info  - 1:40:57 PM] Restored phpspec/prophecy:1.8.1 from cache
[Info  - 1:40:57 PM] Restored phar-io/manifest:1.0.3 from cache
[Info  - 1:40:57 PM] Restored phar-io/version:2.0.1 from cache
[Info  - 1:40:57 PM] Restored nikic/php-parser:4.2.3 from cache
[Info  - 1:40:57 PM] All 6399 PHP files parsed in 3 seconds. 424 MiB allocated.
